Unity Editor version:    2022.3.62f3 (96770f904ca7)
Branch:                  2022.3/respin/2022.3.62f2-4af31df585-v2
Build type:              Release
Batch mode:              YES
System name:             Linux
Distro version:          #36~24.04.1-Ubuntu SMP PREEMPT_DYNAMIC Wed Oct 15 15:45:17 UTC 2
Kernel version:          6.14.0-36-generic
Architecture:            x86_64
Available memory:        31827 MB
Using pre-set license
Pro License: YES

(Unity:16993): Gtk-CRITICAL **: 11:55:51.906: gtk_window_set_default_icon: assertion 'GDK_IS_PIXBUF (icon)' failed

(Unity:16993): GLib-GObject-CRITICAL **: 11:55:51.906: g_object_unref: assertion 'G_IS_OBJECT (object)' failed
Desktop is 1920 x 1200 @ 60 Hz
Initialize udev device monitor.

COMMAND LINE ARGUMENTS:
Unity
-adb2
-batchMode
-noUpm
-name
AssetImportWorker1
-projectPath
/home/linqi/ylq/0/Unity-RL-Playground/gewu
-logFile
Logs/AssetImportWorker1.log
-srvPort
35021
Successfully changed project path to: /home/linqi/ylq/0/Unity-RL-Playground/gewu
/home/linqi/ylq/0/Unity-RL-Playground/gewu
[UnityMemory] Configuration Parameters - Can be set up in boot.config
    "memorysetup-bucket-allocator-granularity=16"
    "memorysetup-bucket-allocator-bucket-count=8"
    "memorysetup-bucket-allocator-block-size=33554432"
    "memorysetup-bucket-allocator-block-count=8"
    "memorysetup-main-allocator-block-size=16777216"
    "memorysetup-thread-allocator-block-size=16777216"
    "memorysetup-gfx-main-allocator-block-size=16777216"
    "memorysetup-gfx-thread-allocator-block-size=16777216"
    "memorysetup-cache-allocator-block-size=4194304"
    "memorysetup-typetree-allocator-block-size=2097152"
    "memorysetup-profiler-bucket-allocator-granularity=16"
    "memorysetup-profiler-bucket-allocator-bucket-count=8"
    "memorysetup-profiler-bucket-allocator-block-size=33554432"
    "memorysetup-profiler-bucket-allocator-block-count=8"
    "memorysetup-profiler-allocator-block-size=16777216"
    "memorysetup-profiler-editor-allocator-block-size=1048576"
    "memorysetup-temp-allocator-size-main=16777216"
    "memorysetup-job-temp-allocator-block-size=2097152"
    "memorysetup-job-temp-allocator-block-size-background=1048576"
    "memorysetup-job-temp-allocator-reduction-small-platforms=262144"
    "memorysetup-allocator-temp-initial-block-size-main=262144"
    "memorysetup-allocator-temp-initial-block-size-worker=262144"
    "memorysetup-temp-allocator-size-background-worker=32768"
    "memorysetup-temp-allocator-size-job-worker=262144"
    "memorysetup-temp-allocator-size-preload-manager=33554432"
    "memorysetup-temp-allocator-size-nav-mesh-worker=65536"
    "memorysetup-temp-allocator-size-audio-worker=65536"
    "memorysetup-temp-allocator-size-cloud-worker=32768"
    "memorysetup-temp-allocator-size-gi-baking-worker=262144"
    "memorysetup-temp-allocator-size-gfx=262144"
Player connection [139918446003200]  Target information:

Player connection [139918446003200]  * "[IP] 192.168.16.97 [Port] 0 [Flags] 2 [Guid] 2043909214 [EditorId] 2043909214 [Version] 1048832 [Id] LinuxEditor(16,192.168.16.97) [Debug] 1 [PackageName] LinuxEditor [ProjectName] Editor" 

Player connection [139918446003200] Host joined multi-casting on [225.0.0.222:54997]...
Player connection [139918446003200] Host joined alternative multi-casting on [225.0.0.222:34997]...
Input System module state changed to: Initialized.
[PhysX] Initialized MultithreadedTaskDispatcher with 32 workers.
Refreshing native plugins compatible for Editor in 23.25 ms, found 967 plugins.
Preloading 0 native plugins for Editor in 0.00 ms.
Initialize engine version: 2022.3.62f3 (96770f904ca7)
[Subsystems] Discovering subsystems at path /home/linqi/Unity/Hub/Editor/2022.3.62f3/Editor/Data/Resources/UnitySubsystems
[Subsystems] Discovering subsystems at path /home/linqi/ylq/0/Unity-RL-Playground/gewu/Assets
GLX Extensions: GLX_ARB_context_flush_control GLX_ARB_create_context GLX_ARB_create_context_no_error GLX_ARB_create_context_profile GLX_ARB_create_context_robustness GLX_ARB_fbconfig_float GLX_ARB_framebuffer_sRGB GLX_ARB_get_proc_address GLX_ARB_multisample GLX_EXT_buffer_age GLX_EXT_create_context_es2_profile GLX_EXT_create_context_es_profile GLX_EXT_fbconfig_packed_float GLX_EXT_framebuffer_sRGB GLX_EXT_no_config_context GLX_EXT_swap_control GLX_EXT_swap_control_tear GLX_EXT_texture_from_pixmap GLX_EXT_visual_info GLX_EXT_visual_rating GLX_INTEL_swap_event GLX_MESA_copy_sub_buffer GLX_MESA_gl_interop GLX_MESA_query_renderer GLX_MESA_swap_control GLX_OML_sync_control GLX_SGIS_multisample GLX_SGIX_fbconfig GLX_SGIX_pbuffer GLX_SGIX_visual_select_group GLX_SGI_make_current_read GLX_SGI_swap_control GLX_SGI_video_sync 
Renderer: Mesa Intel(R) Graphics (RPL-S)
Vendor:   Intel
Version:  4.6 (Core Profile) Mesa 25.0.7-0ubuntu0.24.04.2
GLES:     0
 GL_3DFX_texture_compression_FXT1 GL_AMD_conservative_depth GL_AMD_depth_clamp_separate GL_AMD_draw_buffers_blend GL_AMD_gpu_shader_int64 GL_AMD_multi_draw_indirect GL_AMD_performance_monitor GL_AMD_pinned_memory GL_AMD_query_buffer_object GL_AMD_seamless_cubemap_per_texture GL_AMD_shader_stencil_export GL_AMD_shader_trinary_minmax GL_AMD_texture_texture4 GL_AMD_vertex_shader_layer GL_AMD_vertex_shader_viewport_index GL_ANGLE_texture_compression_dxt3 GL_ANGLE_texture_compression_dxt5 GL_ARB_ES2_compatibility GL_ARB_ES3_1_compatibility GL_ARB_ES3_2_compatibility GL_ARB_ES3_compatibility GL_ARB_arrays_of_arrays GL_ARB_base_instance GL_ARB_blend_func_extended GL_ARB_buffer_storage GL_ARB_clear_buffer_object GL_ARB_clear_texture GL_ARB_clip_control GL_ARB_compressed_texture_pixel_storage GL_ARB_compute_shader GL_ARB_compute_variable_group_size GL_ARB_conditional_render_inverted GL_ARB_conservative_depth GL_ARB_copy_buffer GL_ARB_copy_image GL_ARB_cull_distance GL_ARB_debug_output GL_ARB_depth_buffer_float GL_ARB
_depth_clamp GL_ARB_derivative_control GL_ARB_direct_state_access GL_ARB_draw_buffers GL_ARB_draw_buffers_blend GL_ARB_draw_elements_base_vertex GL_ARB_draw_indirect GL_ARB_draw_instanced GL_ARB_enhanced_layouts GL_ARB_explicit_attrib_location GL_ARB_explicit_uniform_location GL_ARB_fragment_coord_conventions GL_ARB_fragment_layer_viewport GL_ARB_fragment_shader GL_ARB_fragment_shader_interlock GL_ARB_framebuffer_no_attachments GL_ARB_framebuffer_object GL_ARB_framebuffer_sRGB GL_ARB_get_program_binary GL_ARB_get_texture_sub_image GL_ARB_gl_spirv GL_ARB_gpu_shader5 GL_ARB_gpu_shader_fp64 GL_ARB_gpu_shader_int64 GL_ARB_half_float_pixel GL_ARB_half_float_vertex GL_ARB_indirect_parameters GL_ARB_instanced_arrays GL_ARB_internalformat_query GL_ARB_internalformat_query2 GL_ARB_invalidate_subdata GL_ARB_map_buffer_alignment GL_ARB_map_buffer_range GL_ARB_multi_bind GL_ARB_multi_draw_indirect GL_ARB_occlusion_query2 GL_ARB_parallel_shader_compile GL_ARB_pipeline_statistics_query GL_ARB_pixel_buffer_object GL_ARB_po
int_sprite GL_ARB_polygon_offset_clamp GL_ARB_post_depth_coverage GL_ARB_program_interface_query GL_ARB_provoking_vertex GL_ARB_query_buffer_object GL_ARB_robust_buffer_access_behavior GL_ARB_robustness GL_ARB_sample_shading GL_ARB_sampler_objects GL_ARB_seamless_cube_map GL_ARB_seamless_cubemap_per_texture GL_ARB_separate_shader_objects GL_ARB_shader_atomic_counter_ops GL_ARB_shader_atomic_counters GL_ARB_shader_ballot GL_ARB_shader_bit_encoding GL_ARB_shader_clock GL_ARB_shader_draw_parameters GL_ARB_shader_group_vote GL_ARB_shader_image_load_store GL_ARB_shader_image_size GL_ARB_shader_objects GL_ARB_shader_precision GL_ARB_shader_stencil_export GL_ARB_shader_storage_buffer_object GL_ARB_shader_subroutine GL_ARB_shader_texture_image_samples GL_ARB_shader_texture_lod GL_ARB_shader_viewport_layer_array GL_ARB_shading_language_420pack GL_ARB_shading_language_include GL_ARB_shading_language_packing GL_ARB_spirv_extensions GL_ARB_stencil_texturing GL_ARB_sync GL_ARB_tessellation_shader GL_ARB_texture_barrier G
L_ARB_texture_border_clamp GL_ARB_texture_buffer_object GL_ARB_texture_buffer_object_rgb32 GL_ARB_texture_buffer_range GL_ARB_texture_compression_bptc GL_ARB_texture_compression_rgtc GL_ARB_texture_cube_map_array GL_ARB_texture_filter_anisotropic GL_ARB_texture_float GL_ARB_texture_gather GL_ARB_texture_mirror_clamp_to_edge GL_ARB_texture_multisample GL_ARB_texture_non_power_of_two GL_ARB_texture_query_levels GL_ARB_texture_query_lod GL_ARB_texture_rectangle GL_ARB_texture_rg GL_ARB_texture_rgb10_a2ui GL_ARB_texture_stencil8 GL_ARB_texture_storage GL_ARB_texture_storage_multisample GL_ARB_texture_swizzle GL_ARB_texture_view GL_ARB_timer_query GL_ARB_transform_feedback2 GL_ARB_transform_feedback3 GL_ARB_transform_feedback_instanced GL_ARB_transform_feedback_overflow_query GL_ARB_uniform_buffer_object GL_ARB_vertex_array_bgra GL_ARB_vertex_array_object GL_ARB_vertex_attrib_64bit GL_ARB_vertex_attrib_binding GL_ARB_vertex_buffer_object GL_ARB_vertex_shader GL_ARB_vertex_type_10f_11f_11f_rev GL_ARB_vertex_type_2
_10_10_10_rev GL_ARB_viewport_array GL_ATI_blend_equation_separate GL_ATI_texture_float GL_EXT_EGL_image_storage GL_EXT_EGL_image_storage_compression GL_EXT_EGL_sync GL_EXT_abgr GL_EXT_blend_equation_separate GL_EXT_debug_label GL_EXT_demote_to_helper_invocation GL_EXT_depth_bounds_test GL_EXT_draw_buffers2 GL_EXT_draw_instanced GL_EXT_framebuffer_blit GL_EXT_framebuffer_multisample GL_EXT_framebuffer_multisample_blit_scaled GL_EXT_framebuffer_object GL_EXT_framebuffer_sRGB GL_EXT_memory_object GL_EXT_memory_object_fd GL_EXT_packed_depth_stencil GL_EXT_packed_float GL_EXT_pixel_buffer_object GL_EXT_polygon_offset_clamp GL_EXT_provoking_vertex GL_EXT_semaphore GL_EXT_semaphore_fd GL_EXT_shader_framebuffer_fetch GL_EXT_shader_framebuffer_fetch_non_coherent GL_EXT_shader_integer_mix GL_EXT_shader_samples_identical GL_EXT_texture_array GL_EXT_texture_compression_dxt1 GL_EXT_texture_compression_rgtc GL_EXT_texture_compression_s3tc GL_EXT_texture_filter_anisotropic GL_EXT_texture_integer GL_EXT_texture_sRGB GL_EXT
_texture_sRGB_R8 GL_EXT_texture_sRGB_decode GL_EXT_texture_shadow_lod GL_EXT_texture_shared_exponent GL_EXT_texture_snorm GL_EXT_texture_storage GL_EXT_texture_swizzle GL_EXT_timer_query GL_EXT_transform_feedback GL_EXT_vertex_array_bgra GL_EXT_vertex_attrib_64bit GL_IBM_multimode_draw_arrays GL_INTEL_blackhole_render GL_INTEL_conservative_rasterization GL_INTEL_performance_query GL_INTEL_shader_atomic_float_minmax GL_INTEL_shader_integer_functions2 GL_KHR_blend_equation_advanced GL_KHR_blend_equation_advanced_coherent GL_KHR_context_flush_control GL_KHR_debug GL_KHR_no_error GL_KHR_parallel_shader_compile GL_KHR_robust_buffer_access_behavior GL_KHR_robustness GL_KHR_texture_compression_astc_ldr GL_KHR_texture_compression_astc_sliced_3d GL_MESA_framebuffer_flip_y GL_MESA_pack_invert GL_MESA_shader_integer_functions GL_MESA_texture_const_bandwidth GL_MESA_texture_signed_rgba GL_NV_alpha_to_coverage_dither_control GL_NV_compute_shader_derivatives GL_NV_conditional_render GL_NV_copy_image GL_NV_depth_clamp GL_N
V_fragment_shader_interlock GL_NV_packed_depth_stencil GL_NV_texture_barrier GL_OES_EGL_image GL_S3_s3tc
OPENGL LOG: Creating OpenGL 4.6 graphics device ; Context level  <OpenGL 4.5> ; Context handle -404393456
Initialize mono
Mono path[0] = '/home/linqi/Unity/Hub/Editor/2022.3.62f3/Editor/Data/Managed'
Mono path[1] = '/home/linqi/Unity/Hub/Editor/2022.3.62f3/Editor/Data/MonoBleedingEdge/lib/mono/unityjit-linux'
Mono config path = '/home/linqi/Unity/Hub/Editor/2022.3.62f3/Editor/Data/MonoBleedingEdge/etc'
Using monoOptions --debugger-agent=transport=dt_socket,embedding=1,server=y,suspend=n,address=127.0.0.1:56993
Begin MonoManager ReloadAssembly
Registering precompiled unity dll's ...
Register platform support module: /home/linqi/Unity/Hub/Editor/2022.3.62f3/Editor/Data/PlaybackEngines/LinuxStandaloneSupport/UnityEditor.LinuxStandalone.Extensions.dll
Registered in 0.003126 seconds.
- Loaded All Assemblies, in  0.171 seconds
Native extension for LinuxStandalone target not found
Mono: successfully reloaded assembly
- Finished resetting the current domain, in  0.142 seconds
Domain Reload Profiling: 313ms
	BeginReloadAssembly (42ms)
		ExecutionOrderSort (0ms)
		DisableScriptedObjects (0ms)
		BackupInstance (0ms)
		ReleaseScriptingObjects (0ms)
		CreateAndSetChildDomain (0ms)
	RebuildCommonClasses (19ms)
	RebuildNativeTypeToScriptingClass (4ms)
	initialDomainReloadingComplete (33ms)
	LoadAllAssembliesAndSetupDomain (72ms)
		LoadAssemblies (41ms)
		RebuildTransferFunctionScriptingTraits (0ms)
		AnalyzeDomain (72ms)
			TypeCache.Refresh (71ms)
				TypeCache.ScanAssembly (64ms)
			ScanForSourceGeneratedMonoScriptInfo (0ms)
			ResolveRequiredComponents (0ms)
	FinalizeReload (142ms)
		ReleaseScriptCaches (0ms)
		RebuildScriptCaches (0ms)
		SetupLoadedEditorAssemblies (116ms)
			LogAssemblyErrors (0ms)
			InitializePlatformSupportModulesInManaged (5ms)
			SetLoadedEditorAssemblies (4ms)
			RefreshPlugins (0ms)
			BeforeProcessingInitializeOnLoad (1ms)
			ProcessInitializeOnLoadAttributes (80ms)
			ProcessInitializeOnLoadMethodAttributes (26ms)
			AfterProcessingInitializeOnLoad (0ms)
			EditorAssembliesLoaded (0ms)
		ExecutionOrderSort2 (0ms)
		AwakeInstancesAfterBackupRestoration (0ms)
========================================================================
Worker process is ready to serve import requests
Caller must complete domain reload
Begin MonoManager ReloadAssembly
Symbol file LoadedFromMemory is not a mono symbol file
- Loaded All Assemblies, in  0.267 seconds
Native extension for LinuxStandalone target not found
Mono: successfully reloaded assembly
- Finished resetting the current domain, in  0.269 seconds
Domain Reload Profiling: 535ms
	BeginReloadAssembly (66ms)
		ExecutionOrderSort (0ms)
		DisableScriptedObjects (3ms)
		BackupInstance (0ms)
		ReleaseScriptingObjects (0ms)
		CreateAndSetChildDomain (14ms)
	RebuildCommonClasses (18ms)
	RebuildNativeTypeToScriptingClass (4ms)
	initialDomainReloadingComplete (16ms)
	LoadAllAssembliesAndSetupDomain (163ms)
		LoadAssemblies (114ms)
		RebuildTransferFunctionScriptingTraits (0ms)
		AnalyzeDomain (79ms)
			TypeCache.Refresh (67ms)
				TypeCache.ScanAssembly (58ms)
			ScanForSourceGeneratedMonoScriptInfo (10ms)
			ResolveRequiredComponents (2ms)
	FinalizeReload (269ms)
		ReleaseScriptCaches (0ms)
		RebuildScriptCaches (0ms)
		SetupLoadedEditorAssemblies (193ms)
			LogAssemblyErrors (0ms)
			InitializePlatformSupportModulesInManaged (6ms)
			SetLoadedEditorAssemblies (3ms)
			RefreshPlugins (0ms)
			BeforeProcessingInitializeOnLoad (36ms)
			ProcessInitializeOnLoadAttributes (107ms)
			ProcessInitializeOnLoadMethodAttributes (40ms)
			AfterProcessingInitializeOnLoad (2ms)
			EditorAssembliesLoaded (0ms)
		ExecutionOrderSort2 (0ms)
		AwakeInstancesAfterBackupRestoration (2ms)
Launched and connected shader compiler UnityShaderCompiler after 0.01 seconds
Refreshing native plugins compatible for Editor in 18.45 ms, found 967 plugins.
Preloading 0 native plugins for Editor in 0.00 ms.
Unloading 3512 Unused Serialized files (Serialized files now loaded: 0)
Unloading 98 unused Assets / (11.6 MB). Loaded Objects now: 3909.
Memory consumption went from 161.6 MB to 149.9 MB.
Total: 5.622313 ms (FindLiveObjects: 0.183038 ms CreateObjectMapping: 0.058311 ms MarkObjects: 2.834115 ms  DeleteObjects: 2.545174 ms)

AssetImportParameters requested are different than current active one (requested -> active):
  custom:container-demuxer-ogg: 62fdf1f143b41e24485cea50d1cbac27 -> 
  custom:video-decoder-ogg-theora: a1e56fd34408186e4bbccfd4996cb3dc -> 
  custom:CustomObjectIndexerAttribute: 232f87dd983dbecb2a4e21e08eb2cef8 -> 
  custom:container-demuxer-webm: 4f35f7cbe854078d1ac9338744f61a02 -> 
  custom:container-muxer-webm: aa71ff27fc2769a1b78a27578f13a17b -> 
  custom:video-decoder-webm-vp8: 9c59270c3fd7afecdb556c50c9e8de78 -> 
  custom:SearchIndexIgnoredProperties: e643bd26f0fe6173181afceb89e7c659 -> 
  custom:AudioImporter_EditorPlatform: 2f0ff77a95e0ac474e3e8eeba4e2f7cb -> 
  custom:video-encoder-webm-vp8: eb34c28f22e8b96e1ab97ce403110664 -> 
  custom:audio-decoder-ogg-vorbis: bf7c407c2cedff20999df2af8eb42d56 -> 
  custom:audio-encoder-webm-vorbis: bf7c407c2cedff20999df2af8eb42d56 -> 
========================================================================
Received Prepare
Caller must complete domain reload
Begin MonoManager ReloadAssembly
Symbol file LoadedFromMemory is not a mono symbol file
- Loaded All Assemblies, in  0.220 seconds
Native extension for LinuxStandalone target not found
Mono: successfully reloaded assembly
- Finished resetting the current domain, in  0.299 seconds
Domain Reload Profiling: 518ms
	BeginReloadAssembly (83ms)
		ExecutionOrderSort (0ms)
		DisableScriptedObjects (3ms)
		BackupInstance (0ms)
		ReleaseScriptingObjects (0ms)
		CreateAndSetChildDomain (28ms)
	RebuildCommonClasses (18ms)
	RebuildNativeTypeToScriptingClass (4ms)
	initialDomainReloadingComplete (17ms)
	LoadAllAssembliesAndSetupDomain (97ms)
		LoadAssemblies (106ms)
		RebuildTransferFunctionScriptingTraits (0ms)
		AnalyzeDomain (20ms)
			TypeCache.Refresh (8ms)
				TypeCache.ScanAssembly (3ms)
			ScanForSourceGeneratedMonoScriptInfo (9ms)
			ResolveRequiredComponents (3ms)
	FinalizeReload (299ms)
		ReleaseScriptCaches (0ms)
		RebuildScriptCaches (0ms)
		SetupLoadedEditorAssemblies (193ms)
			LogAssemblyErrors (0ms)
			InitializePlatformSupportModulesInManaged (6ms)
			SetLoadedEditorAssemblies (2ms)
			RefreshPlugins (0ms)
			BeforeProcessingInitializeOnLoad (37ms)
			ProcessInitializeOnLoadAttributes (98ms)
			ProcessInitializeOnLoadMethodAttributes (48ms)
			AfterProcessingInitializeOnLoad (2ms)
			EditorAssembliesLoaded (0ms)
		ExecutionOrderSort2 (0ms)
		AwakeInstancesAfterBackupRestoration (2ms)
Refreshing native plugins compatible for Editor in 18.11 ms, found 967 plugins.
Preloading 0 native plugins for Editor in 0.00 ms.
Unloading 3668 Unused Serialized files (Serialized files now loaded: 0)
Unloading 89 unused Assets / (11.6 MB). Loaded Objects now: 4145.
Memory consumption went from 156.4 MB to 144.8 MB.
Total: 3.606204 ms (FindLiveObjects: 0.136099 ms CreateObjectMapping: 0.043484 ms MarkObjects: 2.482211 ms  DeleteObjects: 0.943937 ms)

Prepare: number of updated asset objects reloaded= 0
AssetImportParameters requested are different than current active one (requested -> active):
  custom:scripting/monoscript/fileName/LookupTransformActionResult.cs: 90760b041b65fdf29268cac189c40455 -> 
  custom:scripting/monoscript/fileName/TFStream.cs: 8c1746300b81f154b8dc7ef2bc8e7a2e -> 
  custom:scripting/monoscript/fileName/RangeMsg.cs: 71d587f21b9afe27bee1283aaa1c8d4a -> 
  custom:scripting/monoscript/fileName/CollisionCallbacks.cs: ae00d37c56cea73e93b279fdc5c853d7 -> 
  custom:scripting/monoscript/fileName/GetInteractiveMarkersRequest.cs: 7508fc648b756107b2fd18c4b1a0acda -> 
  custom:scripting/monoscript/fileName/Pose2DMsg.cs: 4104c83e960112f38013333aef0a3e3b -> 
  custom:scripting/monoscript/fileName/MessageGenBrowser.cs: e212263c4c481451000ab4a96931ec17 -> 
  custom:scripting/monoscript/fileName/CRC32.cs: 70cfdb05302842f68cfa73d62de454bd -> 
  custom:scripting/monoscript/fileName/RequestLeaseMsg.cs: 649653b3e5e767d387565fb7f8f04f8d -> 
  custom:scripting/monoscript/fileName/Monitor.cs: 44682f3075e29c15e4e2bbdd8fd0800a -> 
  custom:scripting/monoscript/fileName/PoseWithCovarianceMsg.cs: fa5a43514d6c529e58f413fc73ef5b9d -> 
  custom:scripting/monoscript/fileName/UwbSwitchMsg.cs: deb1119c25b2ec0e883fb3e11632f638 -> 
  custom:scripting/monoscript/fileName/LoadMapResponse.cs: 3a9bcdd297c3598d29c8767197942d2c -> 
  custom:scripting/monoscript/fileName/MessageDeserializer.cs: eb77c67cc4b43862cc8f054d135e31bb -> 
  custom:scripting/monoscript/fileName/FrameGraphRequest.cs: 08c0fabda623ebc91b9afd2a90adabfc -> 
  custom:scripting/monoscript/fileName/HandControlTest.cs: 92575240d46f14537a92de504d455976 -> 
  custom:scripting/monoscript/fileName/MotorStateMsg.cs: 1d4d671aec90dee90ada79cf3d9206ca -> 
  custom:scripting/monoscript/fileName/TaskPauser.cs: 49d34b9f88d6b607b9e02197067f2e91 -> 
  custom:container-demuxer-ogg: 62fdf1f143b41e24485cea50d1cbac27 -> 
  custom:scripting/monoscript/fileName/MessageExtensions.cs: fed725b9ba6299b605334ed9a38eba46 -> 
  custom:scripting/monoscript/fileName/ByteMsg.cs: d34cbdf259c869f674e3688d483411e7 -> 
  custom:scripting/monoscript/fileName/GewuMenu.cs: c9da5112b0451f6c681703398a5ae7f6 -> 
  custom:scripting/monoscript/fileName/SportModeStateMsg.cs: 363a6c36c4f42fed5510f6bcb71499bc -> 
  custom:scripting/monoscript/fileName/cube   kongzhi.cs: 56dc2c7bb065fb761d66336b7a224f70 -> 
  custom:scripting/monoscript/fileName/TableMsg.cs: 7f7dbb4f69b2df434b51ac743d6a9a29 -> 
  custom:scripting/monoscript/fileName/ResponseStatusMsg.cs: 030180fbba274caeeb6bcb3728414657 -> 
  custom:scripting/monoscript/fileName/Int8MultiArrayMsg.cs: ea4e31b92bbbd28be02b78c2989c5449 -> 
  custom:scripting/monoscript/fileName/InteractiveMarkerMsg.cs: 7428ec0ead0a6ec1ea73ac87aaf5f0d2 -> 
  custom:scripting/monoscript/fileName/HudWindow.cs: c00d0db4b8526d07f3c0b56be8293764 -> 
  custom:scripting/monoscript/fileName/BmsCmdMsg.cs: 0ddc88a7dc6510c39e7a82e4bd76d28a -> 
  custom:scripting/monoscript/fileName/UInt8Msg.cs: 30a484b479d9003077bf755f3bae955f -> 
  custom:scripting/monoscript/fileName/Action.cs: 90647cc400823b41df847a6cbfc29026 -> 
  custom:scripting/monoscript/fileName/SetMapResponse.cs: da248da4f9de80fef8b3d73d303620f2 -> 
  custom:scripting/monoscript/fileName/LaserScanMsg.cs: 4d640285235409c4598ee9a9cdb3b0b1 -> 
  custom:scripting/monoscript/fileName/ObjectRecognitionActionFeedback.cs: 737960b59ce22393d0e84eba2ce6a46d -> 
  custom:scripting/monoscript/fileName/RobotRLAgent.cs: c84e3f08d256c9fca1d5105818b1955d -> 
  custom:scripting/monoscript/fileName/RecognizedObjectMsg.cs: 3e5b8336498f1f13e4a3af06599cd10c -> 
  custom:scripting/monoscript/fileName/GetObjectInformationResponse.cs: ccb483c800555dbeac6a006fd73ed6a9 -> 
  custom:scripting/monoscript/fileName/UInt16MultiArrayMsg.cs: 276d5a54dccbc8d8bff69dbb1a6aef5a -> 
  custom:scripting/monoscript/fileName/DurationMsg.cs: 5ad4dd8af058ca1329d5170864585420 -> 
  custom:scripting/monoscript/fileName/RosEditorAnalytics.cs: 6e837f5eb985518e0dd2b9d07e6bf486 -> 
  custom:scripting/monoscript/fileName/ObjectTypeMsg.cs: 35ac2f9499950a976e607dad15ed7147 -> 
  custom:scripting/monoscript/fileName/LookupTransformGoal.cs: d76d4da94200e3edddb956663ae72265 -> 
  custom:scripting/monoscript/fileName/TwistWithCovarianceStampedMsg.cs: b36f003aa100b86edfbe2a5e40af35a0 -> 
  custom:scripting/monoscript/fileName/SetBoolRequest.cs: ae686e0fd7c68358ec1b4a59678e4d07 -> 
  custom:scripting/monoscript/fileName/LoongAgent.cs: b8e3c731c322acf64b918ed9119550ec -> 
  custom:scripting/monoscript/fileName/G1TrainAgent.cs: 941ca1cf0883f52c39a4e3af1dadecc3 -> 
  custom:scripting/monoscript/fileName/GetMapRequest.cs: b7423d7358d30e25c6577f8c8ba1ebcd -> 
  custom:scripting/monoscript/fileName/MagneticFieldMsg.cs: e50653aaf7919d9841776ece54df8e68 -> 
  custom:scripting/monoscript/fileName/UInt16Msg.cs: 149b3c6f30ab9b9763993ea8fdca2ee7 -> 
  custom:scripting/monoscript/fileName/HeaderMsg.cs: 92805e870eaf828ea53daa98da6bf6c2 -> 
  custom:scripting/monoscript/fileName/LowCmdMsg.cs: 61c203ec3a838baece3f2c5c43f1d572 -> 
  custom:scripting/monoscript/fileName/InteractiveMarkerInitMsg.cs: bb62784c7be8dbb156b23cee92423d3e -> 
  custom:video-decoder-ogg-theora: a1e56fd34408186e4bbccfd4996cb3dc -> 
  custom:scripting/monoscript/fileName/JointSpaceControl.cs: 0d6543de45e9e610d1dcfe4fc8f935cd -> 
  custom:scripting/monoscript/fileName/FrameGraphResponse.cs: f6343a44b0cc47ddf8b1a871bd216079 -> 
  custom:scripting/monoscript/fileName/InteractiveMarkerUpdateMsg.cs: 09d51b1660fb5e19b3fff6302d35d992 -> 
  custom:scripting/monoscript/fileName/Int8Msg.cs: 3ec681d900e8f7fcb438030649ef8d9f -> 
  custom:scripting/monoscript/fileName/JointAngleMonitor.cs: f3a8e674a8aa92aebb32029be816c7df -> 
  custom:scripting/monoscript/fileName/ImageMsg.cs: ed75dfa43692d2a9252a668ad4b64cfd -> 
  custom:scripting/monoscript/fileName/GetMapGoal.cs: 63723658e544aa8d4025be88adde02be -> 
  custom:scripting/monoscript/fileName/Go2AutoNavigator.cs: fcda1e5cc09a8027f3b4c0dbe5f7c76c -> 
  custom:scripting/monoscript/fileName/MessagePool.cs: 1396442579be6319650dc24de67350c3 -> 
  custom:scripting/monoscript/fileName/UInt32MultiArrayMsg.cs: a8487fde60d0080c4e79d1f0293f270b -> 
  custom:scripting/monoscript/fileName/Go2Send.cs: 0507f08a1029dd3d8f2808d4d3a1d808 -> 
  custom:scripting/monoscript/fileName/DiagnosticArrayMsg.cs: 91cbedf4cbdf53d341d2fa1cd440f021 -> 
  custom:scripting/monoscript/fileName/TransformStampedMsg.cs: 2b282d560cfb92a6c93718a8ed0b739a -> 
  custom:scripting/monoscript/fileName/CharMsg.cs: 49ddd4b59dc9164d30fb99ba17a97b7a -> 
  custom:scripting/monoscript/fileName/InteractiveMarkerControlMsg.cs: 7959909fd3bfa807222e823b69da8bb9 -> 
  custom:scripting/monoscript/fileName/TFMessageMsg.cs: 591220e5ed15b9d72728f98e22a28287 -> 
  custom:scripting/monoscript/fileName/PoseMsg.cs: 506d31f4af4c0b2219d7fce92b99989d -> 
  custom:scripting/monoscript/fileName/Go2TrainAgent.cs: 21ffe8893f7006d609ad9d92ba3c1bf4 -> 
  custom:scripting/monoscript/fileName/MenuEntryMsg.cs: bff7940f2d2ea84abb383ab91125e09c -> 
  custom:scripting/monoscript/fileName/DisparityImageMsg.cs: 67918a8081d30d97c3ed8e788862e6a2 -> 
  custom:scripting/monoscript/fileName/TwistStampedMsg.cs: 1ba6b4ef074b6f29979b210cd37a9e44 -> 
  custom:scripting/monoscript/fileName/LowStateMsg.cs: 4be864f0b32179025385ec539179a627 -> 
  custom:scripting/monoscript/fileName/ResMsg.cs: 1635ebeee97560900d786f30c7ca55d6 -> 
  custom:scripting/monoscript/fileName/NavSatStatusMsg.cs: 5cac4c5c965ce54fc0023fb2fefb1e6f -> 
  custom:scripting/monoscript/fileName/AccelWithCovarianceStampedMsg.cs: 12df4ec903b1735c0737f6482ca30d93 -> 
  custom:scripting/monoscript/fileName/TwistMsg.cs: 2ba3043a52709101df7ad885f75278e2 -> 
  custom:scripting/monoscript/fileName/DiagnosticStatusMsg.cs: a80403016971060865ffcdf1ee301b91 -> 
  custom:scripting/monoscript/fileName/OccupancyGridMsg.cs: 61ba263413a0e7acd9c68fa55be763d7 -> 
  custom:scripting/monoscript/fileName/CameraInfoMsg.cs: 750532c3a67a3c5284238b5d93f88d9f -> 
  custom:scripting/monoscript/fileName/GoalStatusMsg.cs: dd39d86c67cabbd31b6793c8266a5ddf -> 
  custom:scripting/monoscript/fileName/CameraInfoGenerator.cs: f21c3d4735b46f9ba29e71fd12541008 -> 
  custom:scripting/monoscript/fileName/AddDiagnosticsResponse.cs: 35cdb7480e41017ce7587341c4010af4 -> 
  custom:scripting/monoscript/fileName/LidarStateMsg.cs: c03bcdf4245496d9bbd3cb7238118399 -> 
  custom:scripting/monoscript/fileName/StandaloneBuildTest.cs: 61bff36cc4620a46d2698db05e66c706 -> 
  custom:scripting/monoscript/fileName/LoadMapRequest.cs: 700c62cbfd079b405ae31b152d569117 -> 
  custom:scripting/monoscript/fileName/LogMsg.cs: 7b9d08f5b4afca2c14b9f3ae2673ced6 -> 
  custom:scripting/monoscript/fileName/Area.cs: 5c88d7efab07fa6d933a15f8c19d2a70 -> 
  custom:scripting/monoscript/fileName/FluidPressureMsg.cs: a18ef0c7bad1f40051c154f549c17a2c -> 
  custom:scripting/monoscript/fileName/ROS2PerformanceTest.cs: 2628c019dd9942a75c57bef7a9615372 -> 
  custom:scripting/monoscript/fileName/GroundContact.cs: 45de82348461feaad102ff01123883da -> 
  custom:scripting/monoscript/fileName/GetMapResult.cs: 5eecc0c73eabb7143f2275dbb8d9fed2 -> 
  custom:scripting/monoscript/fileName/BoundingBoxQueryResponse.cs: d61e672ce6e162957ec0f3476f35cf00 -> 
  custom:scripting/monoscript/fileName/Sensor.cs: 43fbf1b23d0b8eae95b3456f84bf227d -> 57aef65ece5c1c8c9e92598fd61cee52
  custom:scripting/monoscript/fileName/Int16MultiArrayMsg.cs: 9fc5bfbc557072b7688e32fc3cd76d5e -> 
  custom:scripting/monoscript/fileName/OctomapWithPoseMsg.cs: b67289cefbc8af241922f87591487002 -> 
  custom:scripting/monoscript/fileName/ObjectRecognitionResult.cs: 1a8b5bcce0c608335329a48aeb94a5b7 -> 
  custom:scripting/monoscript/fileName/MeshTriangleMsg.cs: f207ff93b31eeccce505e394461bedfa -> 
  custom:scripting/monoscript/fileName/PlayerController.cs: d93a52a180fbbe603a59e9aa6da73c83 -> 
  custom:scripting/monoscript/fileName/UnityTimeSource.cs: 9f1db91c0a3f46e0a07482906e1ac86b -> 
  custom:scripting/monoscript/fileName/TimeReferenceMsg.cs: fd6b81b43976c6fc1cc57daac749b107 -> 
  custom:scripting/monoscript/fileName/ObjectRecognitionGoal.cs: 41ceb9754f7aabaf403d27a6e9912691 -> 
  custom:scripting/monoscript/fileName/PlaneMsg.cs: 463d550f1ff0463fb91add98947274c8 -> 
  custom:scripting/monoscript/fileName/ROS2UnityCore.cs: 46efa387d2f2be09b2c2c9477a03d590 -> 
  custom:scripting/monoscript/fileName/IKG1.cs: 412de755f960b42425fb1a812c9f6a68 -> 
  custom:scripting/monoscript/fileName/UInt32Msg.cs: ad4c5516e0ba34f801a757f2d384d78a -> 
  custom:scripting/monoscript/fileName/control.cs: 275b8ed8ef931f8b3ab77b02bad617c7 -> 
  custom:scripting/monoscript/fileName/TimeUtils.cs: a6930aa22f790a460c13cfecc3caf9f5 -> 
  custom:scripting/monoscript/fileName/ROSQuaternion.cs: 90647cc400823b41df847a6cbfc29026 -> 
  custom:CustomObjectIndexerAttribute: 232f87dd983dbecb2a4e21e08eb2cef8 -> 
  custom:scripting/monoscript/fileName/Vector3Msg.cs: 3aa29c2b5d87696263fa58191b75f86b -> 
  custom:scripting/monoscript/fileName/TimeSpecMsg.cs: e7579d7d261667463fa4c8068a11d4f4 -> 
  custom:scripting/monoscript/fileName/trackjoint.cs: e9f939d3a141facf7e9600ac26f2af9c -> 
  custom:scripting/monoscript/fileName/JointSpaceControlEditor.cs: 436014fbdbc7e89cd50232ac8e1fd3f2 -> 
  custom:scripting/monoscript/fileName/OrientationCubeController.cs: 0bb7db4d441743668cc678df55e05dc7 -> 
  custom:scripting/monoscript/fileName/ObjectRecognitionActionGoal.cs: 011f4d7d583fe07ca20f27738bb7e5cb -> 
  custom:scripting/monoscript/fileName/BoolMsg.cs: 6d92838915b49d8255de926c7aa13738 -> 
  custom:scripting/monoscript/fileName/MessageGenBrowserSettings.cs: 7683b65afcd7df222c43ce76d5f72673 -> 
  custom:scripting/monoscript/fileName/Float32MultiArrayMsg.cs: 705d0d30844ef5cd56a6be59233d665b -> 
  custom:scripting/monoscript/fileName/UwbStateMsg.cs: d7ae06f0f689ba78a129e5a1551b5bf3 -> 
  custom:scripting/monoscript/fileName/ObjectRecognitionActionResult.cs: b0eb18f9b033f249e827fd780df9d38d -> 
  custom:scripting/monoscript/fileName/SelfTestResponse.cs: e234f03d6a0107472535c8721f5f7844 -> 
  custom:scripting/monoscript/fileName/ObjectRecognitionFeedback.cs: 5b03913408d03c2a958d716c28d7632e -> 
  custom:scripting/monoscript/fileName/TimeMsg.cs: 3732de30759abb3e088c2e73dbddf59f -> 
  custom:scripting/monoscript/fileName/InertiaStampedMsg.cs: b2689fb943f8664d4b13a21a94dd4884 -> 
  custom:scripting/monoscript/fileName/UIManager.cs: 2595dc2cbd41cc2d023a3ebb28d87e9e -> 
  custom:scripting/monoscript/fileName/UdpJointPublisher.cs: a38b0170631b6510f1450b3dc34a9d86 -> 
  custom:scripting/monoscript/fileName/ImageMarkerMsg.cs: 54400bac2b7a7d2888a888e9e7d342ff -> 
  custom:scripting/precompiled-assembly-types:Unity.Robotics.ROSTCPConnector: 8c575b38c3b644870ac1c5a658b72c73 -> 
  custom:container-demuxer-webm: 4f35f7cbe854078d1ac9338744f61a02 -> 
  custom:scripting/monoscript/fileName/ITimeSource.cs: abf19f8162c1f986581ec2080d542b04 -> 
  custom:scripting/monoscript/fileName/MotorStatesMsg.cs: 1091282ddee48b77a02a9289a2c9b1bc -> 
  custom:scripting/monoscript/fileName/RobotPlotEditor.cs: 608d6b7154f83d9558b4ab9c6894a315 -> 
  custom:scripting/monoscript/fileName/CompressedImageMsg.cs: 07eca89aad60e2103fae61d1d2c2b282 -> 
  custom:scripting/monoscript/fileName/PostInstall.cs: 9a30d4ddb01baa595f4bf8b40d8d9f3c -> 
  custom:scripting/monoscript/fileName/HeightMapMsg.cs: cce19e41da31e9dde9f3a440ec9c8255 -> 
  custom:scripting/monoscript/fileName/MsgAutoGenUtilities.cs: 63d71990605e5759d70f1e645d6cb213 -> 
  custom:scripting/monoscript/fileName/LookupTransformAction.cs: 9e1cac2ac601a1aa7dc395b56a8c9bae -> 
  custom:scripting/monoscript/fileName/RequestPolicyMsg.cs: 8257db03e1bf92f2410c31ddc4b84655 -> 
  custom:scripting/monoscript/fileName/Float64Msg.cs: c6c6c4cd3584855ab53f28a531861e76 -> 
  custom:scripting/monoscript/fileName/ScriptedSrvImporter.cs: 9023090b4df0ff3a909bfeb6cfb7045c -> 
  custom:scripting/monoscript/fileName/Int64Msg.cs: b0ef01205c8a017c74635dcc512cb2e9 -> 
  custom:scripting/monoscript/fileName/MessageAutoGen.cs: 45c982d759cb5053f17d487dd5f62f38 -> 
  custom:scripting/monoscript/fileName/Go2SimAgent.cs: 1515a99aa5a9f79e4de594d87ef4ef46 -> 
  custom:scripting/monoscript/fileName/InterfaceConfigMsg.cs: e1d242115f659cee7ebcee76f2bb5145 -> 
  custom:scripting/monoscript/fileName/GetObjectInformationRequest.cs: 8d26e91fb3e2118e31356303fd74b157 -> 
  custom:scripting/monoscript/fileName/MultiEchoLaserScanMsg.cs: 1f3778493c11b4c3638d1e09bb0ce81c -> 
  custom:scripting/monoscript/fileName/PathMsg.cs: 5beb4ff10c5ffa33ed9778c43654b655 -> 
  custom:scripting/monoscript/fileName/InteractiveMarkerFeedbackMsg.cs: e9aca6ecb62a1675954fe1ee0fbcb5d7 -> 
  custom:scripting/monoscript/fileName/TransformMsg.cs: 0ac563c9d8e076e39a689be2c3688734 -> 
  custom:scripting/monoscript/fileName/GetInteractiveMarkersResponse.cs: 28530ae0537c0d6b32f7cf7deb8e61e0 -> 
  custom:scripting/monoscript/fileName/TF2ErrorMsg.cs: 91ac15719b768b9fde5840557d6a6128 -> 
  custom:scripting/monoscript/fileName/PointCloud2Msg.cs: f893301e30ebbffc7cb7f4671b258605 -> 
  custom:scripting/monoscript/fileName/RosTopicState.cs: ea681c0d3763dd347943c3362ab5156a -> 
  custom:scripting/monoscript/fileName/SetCameraInfoResponse.cs: c9c8c2f25cd10d939e0311caeb42a280 -> 
  custom:scripting/monoscript/fileName/DotnetTimeSource.cs: c449d42332a855e7c9a09fb462af7173 -> 
  custom:scripting/precompiled-assembly-types:Unity.Robotics.ROSTCPConnector.MessageGeneration: d65da78fb046fd9731278eb3768668a8 -> 
  custom:scripting/monoscript/fileName/SensorBase.cs: 55378dcf64ff3c540c612939d1935a73 -> 
  custom:scripting/monoscript/fileName/TopicStatisticsMsg.cs: 753acb1449a5a30f17bbdf74244a4ef3 -> 
  custom:scripting/monoscript/fileName/ActionResult.cs: 90647cc400823b41df847a6cbfc29026 -> 
  custom:scripting/monoscript/fileName/EmptyRequest.cs: 3ca5b17559282970a997721f9799a2b4 -> 
  custom:scripting/monoscript/fileName/GoalStatusArrayMsg.cs: 9b75187ea10e05632ef3c0e4547a14e3 -> 
  custom:scripting/monoscript/fileName/JointTrajectoryPointMsg.cs: a705deeef372b6db5b8eb1b2a354a701 -> 
  custom:scripting/monoscript/fileName/MessageRegistry.cs: 1ab034d80c661ba7c393772f0879627d -> 
  custom:scripting/monoscript/fileName/MeshMsg.cs: e24bac0cfd14faf7a0b934adf996c7a9 -> 
  custom:scripting/monoscript/fileName/MotorCmdMsg.cs: 08b7a225380423625493d3a5d1fbb6a1 -> 
  custom:scripting/monoscript/fileName/g1lowcontrol.cs: 4bff478474b9eedb857a6212bfe87ca1 -> 
  custom:scripting/monoscript/fileName/CameraFollow.cs: 358569f08c592384a0d1f38ea230ff2a -> 
  custom:scripting/monoscript/fileName/SetBoolResponse.cs: 0f3df7cd245fce752eb5a91843629a4e -> 
  custom:scripting/monoscript/fileName/InertiaMsg.cs: b51210271059d6a6c5c0edb93634922f -> 
  custom:scripting/monoscript/fileName/Int32Msg.cs: 2fbea81ce5bcdb06cb35ab0d750b8e03 -> 
  custom:scripting/monoscript/fileName/AccelMsg.cs: 3e969f6221190e894c8dc77030e996b9 -> 
  custom:scripting/monoscript/fileName/LookupTransformActionGoal.cs: 4434297b4d316d73ddf6ae413ce6bdc7 -> 
  custom:scripting/monoscript/fileName/SelfTestRequest.cs: a6b634fb990efc5055281ac311a7f25e -> 
  custom:scripting/monoscript/fileName/ROS2Clock.cs: 2f6f35c3bc44dd978bd2aca2568b43c9 -> 
  custom:scripting/monoscript/fileName/H1mimicAgent.cs: d82f9050cf142f7454733661ce44658c -> 
  custom:container-muxer-webm: aa71ff27fc2769a1b78a27578f13a17b -> 
  custom:scripting/monoscript/fileName/GeometryCompass.cs: 0bffd41b01987148390f51c20a30bda1 -> 
  custom:scripting/monoscript/fileName/MessageTokenizer.cs: ec09fa9f8c49a3419a204ecf925b6626 -> 
  custom:scripting/monoscript/fileName/PolygonMsg.cs: 39e16bcd596ded32602dc99e143bb02a -> 
  custom:scripting/monoscript/fileName/GetMapFeedback.cs: 6105f2db3f31f3b5b1805f534df23d0a -> 
  custom:scripting/monoscript/fileName/JointTrajectoryMsg.cs: 1c20851c50d18b485979eb398cf453a2 -> 
  custom:video-decoder-webm-vp8: 9c59270c3fd7afecdb556c50c9e8de78 -> 
  custom:scripting/monoscript/fileName/MultiDOFJointStateMsg.cs: c3b5fe799c375a0fa6d109b9b25ba1ff -> 
  custom:scripting/monoscript/fileName/AudioDataMsg.cs: 62b92c71a017badc719fdf1ebf057377 -> 
  custom:scripting/monoscript/fileName/RegionOfInterestMsg.cs: 67de3313333e0b7320baf6c5a66c6983 -> 
  custom:scripting/monoscript/fileName/LaserEchoMsg.cs: d61dfeea01150484564a0e33d04b644f -> 
  custom:scripting/monoscript/fileName/InteractiveMarkerPoseMsg.cs: 6dc49701d1a10752f70276c1717cc471 -> 
  custom:scripting/monoscript/fileName/IlluminanceMsg.cs: 6e621c62cad86349358aa97a1da8b513 -> 
  custom:scripting/monoscript/fileName/BmsStateMsg.cs: 6442ba86f0aa41b9dcc03e9ed3546e0a -> 
  custom:scripting/monoscript/fileName/TargetController.cs: f5f9d6bea6f70aa8d31f7c916f99e5b9 -> 
  custom:scripting/monoscript/fileName/UInt64Msg.cs: 3f4d1bdff1a88d52d331da29f3fd743a -> 
  custom:scripting/monoscript/fileName/G1opAgent.cs: 3541d40be3704aebd17e46565c657894 -> 
  custom:scripting/monoscript/fileName/UInt64MultiArrayMsg.cs: 0b5212901ab5e2af725eddb72f4c3306 -> 
  custom:scripting/monoscript/fileName/PointCloudMsg.cs: 0bdfefe4664c4e554f95e0d8bf899977 -> 
  custom:scripting/monoscript/fileName/GetPlanResponse.cs: f0a6ce8e7cc5a80790f96b6fb4e7937e -> 
  custom:scripting/monoscript/fileName/Point32Msg.cs: 4cd5e91c97c739a887d6089212a491f1 -> 
  custom:scripting/monoscript/fileName/LookupTransformFeedback.cs: 4a2b93234eb5dff69b3986bcff26a06f -> 
  custom:SearchIndexIgnoredProperties: e643bd26f0fe6173181afceb89e7c659 -> 
  custom:scripting/monoscript/fileName/ROSConnection.cs: 3fa4df55c12799e42c5a72d00343b4b6 -> 
  custom:scripting/monoscript/fileName/TriggerRequest.cs: 12bff10a643a3450f4485a18cc4ed074 -> 
  custom:scripting/monoscript/fileName/ActionAutoGen.cs: 6d518fa9c423722eca00631325fd2a73 -> 
  custom:AudioImporter_EditorPlatform: 2f0ff77a95e0ac474e3e8eeba4e2f7cb -> 
  custom:scripting/monoscript/fileName/CoordinateSpaces.cs: 1ee133302f953bf09040b110c9e114c8 -> 
  custom:scripting/monoscript/fileName/MultiArrayDimensionMsg.cs: 7f4ff8d2561d4bd493ff303a87a2c630 -> 
  custom:scripting/monoscript/fileName/JointDriveController.cs: f18116cbdbf0a1691de32ea5710fd46d -> 
  custom:scripting/precompiled-assembly-types:Unity.Robotics.ROSTCPConnector.Editor: 96a8243dc1f7cd6cba600445ed445b87 -> 
  custom:scripting/monoscript/fileName/MarkerArrayMsg.cs: 0f88184d7d143fe5965b0af100d075ef -> 
  custom:scripting/monoscript/fileName/TopicMessageSender.cs: 0bce6cd28aadbe880c0fccb4429408f3 -> 
  custom:scripting/monoscript/fileName/G1arm.cs: e69f9f5a83647c69740c6874a9ca8413 -> 
  custom:scripting/monoscript/fileName/Tinker1Agent.cs: a4da1d041d03f32838a0c06ce59e3ea2 -> 
  custom:scripting/monoscript/fileName/ObjectRecognitionAction.cs: a81adf8a2505b31b5e9ddce0af6d3965 -> 
  custom:scripting/monoscript/fileName/AdjustTrainingTimescale.cs: 3c23a66206be771103e3dae027fbb98c -> 
  custom:scripting/monoscript/fileName/ROSVector3.cs: 90647cc400823b41df847a6cbfc29026 -> 
  custom:scripting/monoscript/fileName/IMUStateMsg.cs: 01a36c6eaeb4c19735fbff84525e3a44 -> 
  custom:scripting/monoscript/fileName/TargetContact.cs: 2dcd9750d24189504ca3b933879b1a42 -> 
  custom:scripting/monoscript/fileName/RequestMsg.cs: e736d767d1f82e8a616e07d23290d395 -> 
  custom:scripting/monoscript/fileName/Float32Msg.cs: 24fd5b1a734605f5e0671bbece4fb81f -> 
  custom:scripting/monoscript/fileName/PointMsg.cs: 4a0a8ed0de1782ed9fac0b1099d24169 -> 
  custom:scripting/monoscript/fileName/Float64MultiArrayMsg.cs: 2efa656c176b95b7243c511e08da7d0d -> 
  custom:scripting/monoscript/fileName/Go2FrontVideoDataMsg.cs: ae2b398f0eeb4f3173e2053195d484c8 -> 
  custom:scripting/monoscript/fileName/MatrixExtensions.cs: e884d280706db81f8b649b4311e46ae3 -> 
  custom:scripting/monoscript/fileName/Vector3StampedMsg.cs: 669a3017eadf5e0201a52c5285f822dc -> 
  custom:scripting/monoscript/fileName/KeyValueMsg.cs: e84d0c4532689a4130f6c9c6df2a767c -> 
  custom:scripting/monoscript/fileName/GetMapActionFeedback.cs: d283bebb273e92170866289b53c099d9 -> 
  custom:scripting/monoscript/fileName/PathPointMsg.cs: 5754f3713b67fa52b3cb96e0f3e513bc -> 
  custom:scripting/monoscript/fileName/ProjectSettingsOverrides.cs: 53c0dd7a34572c86b85d6ff5d3b2eae8 -> 
  custom:scripting/monoscript/fileName/Transformations.cs: 47d494e460f46cd3b4ef3348d0793299 -> 
  custom:scripting/monoscript/fileName/ColorRGBAMsg.cs: 59e25592573845c58307d8c451a6db20 -> 
  custom:scripting/monoscript/fileName/ActionGoal.cs: 90647cc400823b41df847a6cbfc29026 -> 
  custom:scripting/monoscript/fileName/BatteryStateMsg.cs: c7c9776e07ad132734d312a356a6385b -> 
  custom:scripting/monoscript/fileName/JoyFeedbackMsg.cs: a7b6a44057beb5645326198ccb072dbb -> 
  custom:scripting/monoscript/fileName/HudPanel.cs: dd2269e15903f6024894db9d6c71bad0 -> 
  custom:scripting/monoscript/fileName/QuaternionStampedMsg.cs: 26fb54793c5ebc02c269cfb3ac0f60d2 -> 
  custom:scripting/monoscript/fileName/JointSetup.cs: b426ede9d87295c9e24126d66c747c48 -> 
  custom:scripting/monoscript/fileName/EmptyMsg.cs: 90c34401141b9ab2f5ed5641f19d0fa6 -> 
  custom:scripting/monoscript/fileName/JoyMsg.cs: 541948a4c7dfaec0668de7a3bf25b404 -> 
  custom:scripting/monoscript/fileName/lowgo2.cs: 3919de557b8c2a57f11e60b934129f92 -> 
  custom:scripting/monoscript/fileName/Tinker3Agent.cs: 100c1d82caaf0635a517f72c8ae3ae90 -> 
  custom:scripting/monoscript/fileName/ChannelFloat32Msg.cs: ed8e39e3ff07a058c334ce7f4240f960 -> 
  custom:scripting/monoscript/fileName/Tinker2Agent.cs: 03a494b27b6685f7c4d58c85607da544 -> 
  custom:scripting/monoscript/fileName/Go2RosAgent.cs: 2c02773b3b8ad251df5e9e664ee35b66 -> 
  custom:scripting/monoscript/fileName/GewuAgent.cs: 68a0af3736d70a317c49d0706ca93d1c -> 
  custom:scripting/monoscript/fileName/SetCameraInfoRequest.cs: 73a56ea5dec631a459e7b46522217851 -> 
  custom:scripting/monoscript/fileName/XiaoyuanAgent.cs: cbf626c094e78bdd412a5437230a53db -> 
  custom:scripting/monoscript/fileName/TFAttachment.cs: 833325f8e1b1611b335ec04d2a865d3b -> 
  custom:scripting/monoscript/fileName/EmptyResponse.cs: cc49a9360bd9a130f9fd33b93b61083e -> 
  custom:scripting/monoscript/fileName/GewunewAgent.cs: 6c5f22905984506bc4dd36aac341556b -> 
  custom:scripting/monoscript/fileName/MultiDOFJointTrajectoryPointMsg.cs: 5fcc8f4cd1d8ceb5da99d10dab8a6489 -> 
  custom:scripting/monoscript/fileName/SetMapRequest.cs: 7dc46d9459ffb59015d5c3ae3ccd2e9e -> 
  custom:scripting/monoscript/fileName/MessageParser.cs: 88acc0f06159500621529972cda081fb -> 
  custom:scripting/monoscript/fileName/ROS2ListenerExample.cs: 5ee74443e305ccf9144f7b9cb09f4d2f -> 
  custom:scripting/monoscript/fileName/GetMapAction.cs: 1b633efc533f9047fba335894e3686a1 -> 
  custom:scripting/monoscript/fileName/MotorCmdsMsg.cs: 005f3ff0bd939d40a35fe1ac3f2f43c2 -> 
  custom:scripting/monoscript/fileName/AccelWithCovarianceMsg.cs: 76b09a7bc59b2eebde8c80b0882ef834 -> 
  custom:scripting/monoscript/fileName/GetOctomapRequest.cs: 5d5d311717f8879d762d93609776c833 -> 
  custom:scripting/monoscript/fileName/HandCmdMsg.cs: c238c328ba2f7b3cffb2778015ad267b -> 
  custom:scripting/monoscript/fileName/ItemRotate.cs: 1bc65db9da0390f9e11bb05109b39c0f -> 
  custom:scripting/monoscript/fileName/UInt8MultiArrayMsg.cs: ad90a0dd0b7804eae312a8e558392a78 -> 
  custom:scripting/monoscript/fileName/PoseStampedMsg.cs: bddf28b1738e859a3ec67cc4556e4e2d -> 
  custom:scripting/monoscript/fileName/GetMapActionGoal.cs: 117bedc4c3e5534595cf779b792bbad9 -> 
  custom:scripting/monoscript/fileName/SampleExporter.cs: 700fb29071ca34df25f993be4d9285e3 -> 
  custom:scripting/monoscript/fileName/PolygonStampedMsg.cs: 6cadf99a8c176363332f02f18c45a137 -> 
  custom:scripting/monoscript/fileName/GetMapResponse.cs: 29ffc5e92f2db43163ea519968b84380 -> 
  custom:video-encoder-webm-vp8: eb34c28f22e8b96e1ab97ce403110664 -> 
  custom:scripting/monoscript/fileName/BoundingBoxQueryRequest.cs: 6c2657c325144221d5a41b69f381d94d -> 
  custom:scripting/monoscript/fileName/JointSetupEditor.cs: 904ddc727c34b56515e83c68dc0c53c9 -> 
  custom:scripting/monoscript/fileName/MultiArrayLayoutMsg.cs: 6417a266a844d6b2a071c7c65e046b46 -> 
  custom:audio-decoder-ogg-vorbis: bf7c407c2cedff20999df2af8eb42d56 -> 
  custom:scripting/monoscript/fileName/WrenchMsg.cs: c60cddc3a2c8c77d00b420acea976432 -> 
  custom:scripting/monoscript/fileName/ROS2UnityComponent.cs: b6b1a82403db025bc4cf339f2788c14a -> 
  custom:scripting/monoscript/fileName/NavSatFixMsg.cs: b6ba861094356e5206d7f42918200248 -> 
  custom:scripting/monoscript/fileName/ResponseMsg.cs: 5b0b6a759b0bd66bc25472e0b5ee93b9 -> 
  custom:scripting/monoscript/fileName/OctomapMsg.cs: 74602495c115dc68eba16df979f75795 -> 
  custom:scripting/monoscript/fileName/MapMetaDataMsg.cs: 46624d8af2c29ea9e1485d110df15da9 -> 
  custom:scripting/monoscript/fileName/GoalIDMsg.cs: 33d8809add46690a6cff73642fd130f3 -> 
  custom:scripting/monoscript/fileName/RecognizedObjectArrayMsg.cs: 39a8e476b925326f536ce905d232ec4a -> 
  custom:scripting/monoscript/fileName/WirelessControllerMsg.cs: 38bf37246e56b57298eb86c58799277c -> 
  custom:scripting/monoscript/fileName/GridCellsMsg.cs: 1ae9cc5b010fc2009947f908fda2ced1 -> 
  custom:scripting/monoscript/fileName/ScriptedActionImporter.cs: 3dd5a72334fdafc0724be1c25a42b30e -> 
  custom:scripting/monoscript/fileName/Int32MultiArrayMsg.cs: 48d9965f4be700db22b73bbce0a4c568 -> 
  custom:scripting/monoscript/fileName/RelativeHumidityMsg.cs: caf4e0b5b8ee5617123e66f5b47af015 -> 
  custom:scripting/monoscript/fileName/RobotPlot.cs: 0f921b7bd3dee95b31ab9a73468fb8c5 -> 
  custom:scripting/monoscript/fileName/GetPlanRequest.cs: 9784d02005250f45f958b20792aba1f3 -> 
  custom:scripting/monoscript/fileName/OdometryMsg.cs: 8b3d10e3158f65c25e89998f5e6d9a94 -> 
  custom:scripting/monoscript/fileName/WrenchStampedMsg.cs: 4c5812e526f79e4b79e2d78b24b752e6 -> 
  custom:scripting/monoscript/fileName/AddDiagnosticsRequest.cs: c21315e5de46c064d0b0f66644cbeae3 -> 
  custom:scripting/monoscript/fileName/ModelOverrider.cs: 3bf7e7d94be4bb099288b3e7df9435e3 -> 
  custom:scripting/monoscript/fileName/PointFieldMsg.cs: 790b59b8edb446d3b4729a834c9e4262 -> 
  custom:scripting/monoscript/fileName/MessageBackwardsCompat.cs: 8f297cd9800591ffcabd0a89d955e7f4 -> 
  custom:scripting/monoscript/fileName/FlyCamera.cs: 1ebe0b585ee59dbaf888a57709677b28 -> 
  custom:scripting/monoscript/fileName/ObjectInformationMsg.cs: 2c51ec03a9ae0205f7916140d02aa005 -> 
  custom:scripting/monoscript/fileName/MainBoardStateMsg.cs: ae20ed16440a6cd5b54da26908dfb078 -> 
  custom:scripting/monoscript/fileName/ResponseHeaderMsg.cs: 58f51ea8d2c9a63cf10c464f9bec4ad8 -> 
  custom:scripting/monoscript/fileName/ErrorMsg.cs: c9c6a60ddf17eb880cf39211685ff227 -> 
  custom:scripting/monoscript/fileName/SolidPrimitiveMsg.cs: 208d64b93a2945d677e0ce1bddca57d2 -> 
  custom:scripting/monoscript/fileName/Message.cs: 728b6ca9de7e56cd372142ff6d100cf4 -> 8bedd82aba9fbcb31fd5e4f234690efd
  custom:scripting/monoscript/fileName/TemperatureMsg.cs: e508ad145637a638f1b3e9238d57b26c -> 
  custom:scripting/monoscript/fileName/ActionFeedback.cs: 90647cc400823b41df847a6cbfc29026 -> 
  custom:scripting/monoscript/fileName/ServiceAutoGen.cs: f1e620e82377d98a6ddb43c7348f7d41 -> 
  custom:scripting/monoscript/fileName/G1autoAgent.cs: 31a4fe4c95760cab69ab52b0c99d8976 -> 
  custom:scripting/monoscript/fileName/Go2Rece.cs: e2f7d464b677adccd10b2560d85070d8 -> 
  custom:scripting/monoscript/fileName/RequestHeaderMsg.cs: 5d72030b66a7aee1d6d43061390f1d01 -> 
  custom:scripting/monoscript/fileName/ClockMsg.cs: 8f0e81e113a67afd46e67baa1f23d1ec -> 
  custom:scripting/monoscript/fileName/MarkerMsg.cs: 1da92b4fd4555a4294fc18cf86b11d1f -> 
  custom:scripting/monoscript/fileName/GetOctomapResponse.cs: eae4f49e525b97c53a8c430b2179a2a3 -> 
  custom:scripting/monoscript/fileName/TerrainAgent.cs: ceb0b512ec712606259c2d7e435f1adf -> 
  custom:scripting/monoscript/fileName/MessageSerializer.cs: e2a68cd353a60c14605d5be25c90dc4a -> 
  custom:scripting/monoscript/fileName/HandStateMsg.cs: 50f6a84981db6007ff034d723e54b4a8 -> 
  custom:scripting/monoscript/fileName/QuaternionMsg.cs: 315293c2f8f6e8f52d1344e82fd542fa -> 
  custom:scripting/monoscript/fileName/JoyFeedbackArrayMsg.cs: 9ea38a69daed1d2affe907b4adf718f5 -> 
  custom:scripting/monoscript/fileName/ROSSettingsEditor.cs: 70c41c37840012c67b09e48aff042e18 -> 
  custom:scripting/monoscript/fileName/TriggerResponse.cs: a396d7caa1f4afeeb30bd5e14642563d -> 
  custom:scripting/monoscript/fileName/TFSystem.cs: 92d8fe37ddf2a630a2fcde6993c4880d -> 
  custom:scripting/monoscript/fileName/DirectionIndicator.cs: e46c00aa0527674d973949d74c6866d7 -> 
  custom:scripting/monoscript/fileName/IKGauto.cs: 2dd905a4634b6b8dfeeaaff8dd23709d -> 
  custom:scripting/monoscript/fileName/OutgoingMessageSender.cs: c4c75f5f2e807d4780522a94e5594b64 -> 
  custom:scripting/monoscript/fileName/GetMapActionResult.cs: 2230e893f2a3de5057d33d30b06de4f4 -> 
  custom:scripting/monoscript/fileName/Int64MultiArrayMsg.cs: 393da240dc89a7eb1d5e699fce75cf93 -> 
  custom:scripting/monoscript/fileName/G1mimicAgent.cs: 28d7667f86bd43011ac30ceb4128be75 -> 
  custom:audio-encoder-webm-vorbis: bf7c407c2cedff20999df2af8eb42d56 -> 
  custom:scripting/precompiled-assembly-types:Assembly-CSharp-Editor: 754b5a78e4decc3c87e6b982f30594b0 -> 
  custom:scripting/monoscript/fileName/StringMsg.cs: 948a43eb7abcd159462fa9c1418a8a92 -> 
  custom:scripting/monoscript/fileName/ROS2Node.cs: a1e5553f5cedffcac0c53c248f745fd1 -> 
  custom:scripting/monoscript/fileName/PressSensorStateMsg.cs: 422d72c1b01f688f6b70cc19e56d00a8 -> 
  custom:scripting/monoscript/fileName/SyncTransform.cs: 9c33f63714d9f38f4f4853be8db7765b -> 
  custom:scripting/monoscript/fileName/Go2Agent.cs: e1c7010f9199aeb0ed6898f951418e4a -> 
  custom:scripting/monoscript/fileName/TwistWithCovarianceMsg.cs: 42a1e352bf4d70b97d955edcb4cc09b6 -> 
  custom:scripting/monoscript/fileName/ImuMsg.cs: 5250dc4abd0ab4caaf9ee01fd61c6293 -> 
  custom:scripting/monoscript/fileName/ByteMultiArrayMsg.cs: c6713c9cb17b1b8eefd12678e9122f7b -> 
  custom:scripting/monoscript/fileName/LookupTransformActionFeedback.cs: f8c552b6107bd207c2913aaa343ae235 -> 
  custom:scripting/monoscript/fileName/ROS2ForUnity.cs: d86d497a27ccbe0887aba10fd0bf8c56 -> 
  custom:scripting/monoscript/fileName/AccelStampedMsg.cs: 3cb7a7d1ea3b09760b4923e1141267fe -> 
  custom:scripting/monoscript/fileName/MultiDOFJointTrajectoryMsg.cs: 1aec3b9439fe85be91bb1f366c4461c9 -> 
  custom:scripting/monoscript/fileName/PoseArrayMsg.cs: fd9a315435f188fd5d050f71d93cf0f2 -> 
  custom:scripting/precompiled-assembly-types:Assembly-CSharp: c4307c09adc2bce42dbacb11ebad3dd7 -> 
  custom:scripting/monoscript/fileName/SceneLoader.cs: 5c0816849d186432ffce5e360c37577f -> 
  custom:scripting/monoscript/fileName/TableArrayMsg.cs: da31802a7c8863a34b11f09d5809b6d4 -> 
  custom:scripting/monoscript/fileName/SysCommand.cs: 4945d83ac3bfa207d28faaa6fc67de15 -> 
  custom:scripting/monoscript/fileName/SportModeCmdMsg.cs: 14f8d4f9bfc3d0b44e4deb37a66206e4 -> 
  custom:scripting/monoscript/fileName/MessageToken.cs: 9baa66edbcdabab0cf44773537f16ef6 -> 
  custom:scripting/monoscript/fileName/PointStampedMsg.cs: 6f9cdbb6abba44bd51d5270cf828bbd6 -> 
  custom:scripting/monoscript/fileName/test.cs: 823ca69e409406424a685135c9fbea9b -> 
  custom:scripting/precompiled-assembly-types:Unity.Robotics.ROSTCPConnector.Messages: 05f2d5cf676f4a02e51ed38ad9298753 -> 
  custom:scripting/monoscript/fileName/ROS2TimeSource.cs: 67fbc9290f985ac768924ac759c07522 -> 
  custom:scripting/monoscript/fileName/ReqMsg.cs: 0d43dc54b9371ef9e426814168ca9aff -> 
  custom:scripting/monoscript/fileName/JointStateMsg.cs: 7daf6d0f85d0ef774a1338c173beb737 -> 
  custom:scripting/monoscript/fileName/ScriptedMsgImporter.cs: 293f5cd4339ea8e70b67ab30e39ef9ad -> 
  custom:scripting/monoscript/fileName/Int16Msg.cs: 0e3325dc38ad782a935044f5032dabd6 -> 
  custom:scripting/monoscript/fileName/GaitAnimator.cs: 0a930d4ddaf9c2bd3b7e1921dd3f5002 -> 
  custom:scripting/monoscript/fileName/PoseWithCovarianceStampedMsg.cs: f8ff8844b6f51267d58a3e86138b019c -> 
  custom:scripting/monoscript/fileName/ROS2TalkerExample.cs: e065b5c21c4485cdb7f212262fb50343 -> 
  custom:scripting/monoscript/fileName/LookupTransformResult.cs: fcbe560573dfc8fa75928328234e3c50 -> 
  custom:scripting/monoscript/fileName/RequestIdentityMsg.cs: c43bf6ba9c785d6a0c01fc15d263621c -> 
========================================================================
Received Import Request.
  Time since last request: 5143.713571 seconds.
  path: Assets/onnx/g1walk.onnx
  artifactKey: Guid(56d65b6674c018741a7ed722f564caf2) Importer(815301076,1909f56bfc062723c751e8b465ee728b)
Start importing Assets/onnx/g1walk.onnx using Guid(56d65b6674c018741a7ed722f564caf2) Importer(815301076,1909f56bfc062723c751e8b465ee728b) [PhysX] Initialized MultithreadedTaskDispatcher with 32 workers.
 -> (artifact id: '6fb209e3e80cdd12c5d5ed40626a597b') in 0.013315 seconds
Number of updated asset objects reloaded before import = 0
Number of asset objects unloaded after import = 3
========================================================================
Received Import Request.
  Time since last request: 0.038853 seconds.
  path: Assets/onnx/go2pronk.onnx
  artifactKey: Guid(74630ca29d9a31e4ca6b6577d3ac2bf7) Importer(815301076,1909f56bfc062723c751e8b465ee728b)
Start importing Assets/onnx/go2pronk.onnx using Guid(74630ca29d9a31e4ca6b6577d3ac2bf7) Importer(815301076,1909f56bfc062723c751e8b465ee728b) [PhysX] Initialized MultithreadedTaskDispatcher with 32 workers.
 -> (artifact id: '1d33d44d199d55ca4007cd04ad19a82f') in 0.003001 seconds
Number of updated asset objects reloaded before import = 0
Number of asset objects unloaded after import = 3
========================================================================
Received Import Request.
  Time since last request: 0.053908 seconds.
  path: Assets/onnx/go2w_drive.onnx
  artifactKey: Guid(a98ec0ebb563fe19489b1584c42a8455) Importer(815301076,1909f56bfc062723c751e8b465ee728b)
Start importing Assets/onnx/go2w_drive.onnx using Guid(a98ec0ebb563fe19489b1584c42a8455) Importer(815301076,1909f56bfc062723c751e8b465ee728b) [PhysX] Initialized MultithreadedTaskDispatcher with 32 workers.
 -> (artifact id: 'c7a2597815e8a64fcd545a439abd7a91') in 0.002701 seconds
Number of updated asset objects reloaded before import = 0
Number of asset objects unloaded after import = 3
========================================================================
Received Import Request.
  Time since last request: 0.052407 seconds.
  path: Assets/onnx/openloongwalk.onnx
  artifactKey: Guid(e8e88c42dc79bb24fb9d70fe1313fecd) Importer(815301076,1909f56bfc062723c751e8b465ee728b)
Start importing Assets/onnx/openloongwalk.onnx using Guid(e8e88c42dc79bb24fb9d70fe1313fecd) Importer(815301076,1909f56bfc062723c751e8b465ee728b) [PhysX] Initialized MultithreadedTaskDispatcher with 32 workers.
 -> (artifact id: 'ab23c64028de9f879efb70aaef0490dd') in 0.002738 seconds
Number of updated asset objects reloaded before import = 0
Number of asset objects unloaded after import = 3
========================================================================
Received Import Request.
  Time since last request: 0.000013 seconds.
  path: Assets/onnx/terrain-lg2k.onnx
  artifactKey: Guid(e0943aedb188507c8b5e0d98c998ea7d) Importer(815301076,1909f56bfc062723c751e8b465ee728b)
Start importing Assets/onnx/terrain-lg2k.onnx using Guid(e0943aedb188507c8b5e0d98c998ea7d) Importer(815301076,1909f56bfc062723c751e8b465ee728b) [PhysX] Initialized MultithreadedTaskDispatcher with 32 workers.
 -> (artifact id: 'ca32a74ab6b5d844b9d49f87f25ea7d9') in 0.005817 seconds
Number of updated asset objects reloaded before import = 0
Number of asset objects unloaded after import = 3
========================================================================
Received Import Request.
  Time since last request: 0.048458 seconds.
  path: Assets/onnx/TerrainG1.onnx
  artifactKey: Guid(c95693ed74fcc204eb41b047b1169a0c) Importer(815301076,1909f56bfc062723c751e8b465ee728b)
Start importing Assets/onnx/TerrainG1.onnx using Guid(c95693ed74fcc204eb41b047b1169a0c) Importer(815301076,1909f56bfc062723c751e8b465ee728b) [PhysX] Initialized MultithreadedTaskDispatcher with 32 workers.
 -> (artifact id: '56258f22f5b81af45543005a391fb9ae') in 0.004205 seconds
Number of updated asset objects reloaded before import = 0
Number of asset objects unloaded after import = 3
========================================================================
Received Import Request.
  Time since last request: 0.046371 seconds.
  path: Assets/onnx/TerrainZQ.onnx
  artifactKey: Guid(89f86f65bc99c4b45a8d122cdba14261) Importer(815301076,1909f56bfc062723c751e8b465ee728b)
Start importing Assets/onnx/TerrainZQ.onnx using Guid(89f86f65bc99c4b45a8d122cdba14261) Importer(815301076,1909f56bfc062723c751e8b465ee728b) [PhysX] Initialized MultithreadedTaskDispatcher with 32 workers.
 -> (artifact id: '211d46b5933e479a316dc4dc69158438') in 0.004538 seconds
Number of updated asset objects reloaded before import = 0
Number of asset objects unloaded after import = 3
========================================================================
Received Import Request.
  Time since last request: 0.051280 seconds.
  path: Assets/onnx/x02run.onnx
  artifactKey: Guid(0db817a483d03e74fb3f2487bdcb9429) Importer(815301076,1909f56bfc062723c751e8b465ee728b)
Start importing Assets/onnx/x02run.onnx using Guid(0db817a483d03e74fb3f2487bdcb9429) Importer(815301076,1909f56bfc062723c751e8b465ee728b) [PhysX] Initialized MultithreadedTaskDispatcher with 32 workers.
 -> (artifact id: '114b62e4ab652c1b70b15e459aef5475') in 0.003634 seconds
Number of updated asset objects reloaded before import = 0
Number of asset objects unloaded after import = 3
========================================================================
Received Import Request.
  Time since last request: 0.001409 seconds.
  path: Assets/onnx/x02walk.onnx
  artifactKey: Guid(2127e9228a6331e4aabce8d5017f6990) Importer(815301076,1909f56bfc062723c751e8b465ee728b)
Start importing Assets/onnx/x02walk.onnx using Guid(2127e9228a6331e4aabce8d5017f6990) Importer(815301076,1909f56bfc062723c751e8b465ee728b) [PhysX] Initialized MultithreadedTaskDispatcher with 32 workers.
 -> (artifact id: '311e5c8ae1ea3d0a326725a5a6423882') in 0.007298 seconds
Number of updated asset objects reloaded before import = 0
Number of asset objects unloaded after import = 3
========================================================================
Received Import Request.
  Time since last request: 0.002457 seconds.
  path: Assets/onnx/tinkerwalk.onnx
  artifactKey: Guid(2ed4145c1e0f8ce458e13d6599095f70) Importer(815301076,1909f56bfc062723c751e8b465ee728b)
Start importing Assets/onnx/tinkerwalk.onnx using Guid(2ed4145c1e0f8ce458e13d6599095f70) Importer(815301076,1909f56bfc062723c751e8b465ee728b) [PhysX] Initialized MultithreadedTaskDispatcher with 32 workers.
 -> (artifact id: 'bd8e5fc48dc3f1fae642014c187953b3') in 0.007254 seconds
Number of updated asset objects reloaded before import = 0
Number of asset objects unloaded after import = 3
========================================================================
Received Import Request.
  Time since last request: 0.000233 seconds.
  path: Assets/onnx/go2w_jump.onnx
  artifactKey: Guid(53199f8ca3ac3dfc0871dc77921f228a) Importer(815301076,1909f56bfc062723c751e8b465ee728b)
Start importing Assets/onnx/go2w_jump.onnx using Guid(53199f8ca3ac3dfc0871dc77921f228a) Importer(815301076,1909f56bfc062723c751e8b465ee728b) [PhysX] Initialized MultithreadedTaskDispatcher with 32 workers.
 -> (artifact id: '03e5bc1e9c83dfc7265951d115767802') in 0.005954 seconds
Number of updated asset objects reloaded before import = 0
Number of asset objects unloaded after import = 3
========================================================================
Received Import Request.
  Time since last request: 0.003753 seconds.
  path: Assets/onnx/openloongjump.onnx
  artifactKey: Guid(c14e4d26cf8ec2e468cd18e7581bf5a3) Importer(815301076,1909f56bfc062723c751e8b465ee728b)
Start importing Assets/onnx/openloongjump.onnx using Guid(c14e4d26cf8ec2e468cd18e7581bf5a3) Importer(815301076,1909f56bfc062723c751e8b465ee728b) [PhysX] Initialized MultithreadedTaskDispatcher with 32 workers.
 -> (artifact id: 'b319f66e4ad436e65fc2acb2093176f2') in 0.004623 seconds
Number of updated asset objects reloaded before import = 0
Number of asset objects unloaded after import = 3
========================================================================
Received Import Request.
  Time since last request: 0.000174 seconds.
  path: Assets/onnx/go2.onnx
  artifactKey: Guid(4796beaa543048685a4a2046ceb878a5) Importer(815301076,1909f56bfc062723c751e8b465ee728b)
Start importing Assets/onnx/go2.onnx using Guid(4796beaa543048685a4a2046ceb878a5) Importer(815301076,1909f56bfc062723c751e8b465ee728b) [PhysX] Initialized MultithreadedTaskDispatcher with 32 workers.
 -> (artifact id: 'de1cd21f008e749f8d181ac2e8beffd1') in 0.006644 seconds
Number of updated asset objects reloaded before import = 0
Number of asset objects unloaded after import = 3
========================================================================
Received Import Request.
  Time since last request: 0.000014 seconds.
  path: Assets/onnx/terrain-zq2k.onnx
  artifactKey: Guid(2d228224272ec4699847901dd7617c35) Importer(815301076,1909f56bfc062723c751e8b465ee728b)
Start importing Assets/onnx/terrain-zq2k.onnx using Guid(2d228224272ec4699847901dd7617c35) Importer(815301076,1909f56bfc062723c751e8b465ee728b) [PhysX] Initialized MultithreadedTaskDispatcher with 32 workers.
 -> (artifact id: 'f3d71cca8730395bd59a6b06846585e6') in 0.007377 seconds
Number of updated asset objects reloaded before import = 0
Number of asset objects unloaded after import = 3
Editor requested this worker to shutdown with reason: Scaling down because of idle timeout
TcpMessagingSession - receive error: operation aborted. errorcode: 125, details: Operation aborted.
AssetImportWorker is now disconnected from the server
Process exiting
