Using pre-set license
Built from '2022.3/china_unity/release' branch; Version is '2022.3.61f1c1 (327989805ccf) revision 3307913'; Using compiler version '192829333'; Build Type 'Release'
OS: 'Windows 11  (10.0.26100) 64bit CoreCountrySpecific' Language: 'zh' Physical Memory: 16108 MB
BatchMode: 1, IsHumanControllingUs: 0, StartBugReporterOnCrash: 0, Is64bit: 1, IsPro: 1

COMMAND LINE ARGUMENTS:
D:\Program Files\Unity\2022.3.61f1c1\Editor\Unity.exe
-adb2
-batchMode
-noUpm
-name
AssetImportWorker2
-projectPath
D:/4/Unity-RL-Playground/gewu
-logFile
Logs/AssetImportWorker2.log
-srvPort
44451
Successfully changed project path to: D:/4/Unity-RL-Playground/gewu
D:/4/Unity-RL-Playground/gewu
[UnityMemory] Configuration Parameters - Can be set up in boot.config
    "memorysetup-bucket-allocator-granularity=16"
    "memorysetup-bucket-allocator-bucket-count=8"
    "memorysetup-bucket-allocator-block-size=33554432"
    "memorysetup-bucket-allocator-block-count=8"
    "memorysetup-main-allocator-block-size=16777216"
    "memorysetup-thread-allocator-block-size=16777216"
    "memorysetup-gfx-main-allocator-block-size=16777216"
    "memorysetup-gfx-thread-allocator-block-size=16777216"
    "memorysetup-cache-allocator-block-size=4194304"
    "memorysetup-typetree-allocator-block-size=2097152"
    "memorysetup-profiler-bucket-allocator-granularity=16"
    "memorysetup-profiler-bucket-allocator-bucket-count=8"
    "memorysetup-profiler-bucket-allocator-block-size=33554432"
    "memorysetup-profiler-bucket-allocator-block-count=8"
    "memorysetup-profiler-allocator-block-size=16777216"
    "memorysetup-profiler-editor-allocator-block-size=1048576"
    "memorysetup-temp-allocator-size-main=16777216"
    "memorysetup-job-temp-allocator-block-size=2097152"
    "memorysetup-job-temp-allocator-block-size-background=1048576"
    "memorysetup-job-temp-allocator-reduction-small-platforms=262144"
    "memorysetup-allocator-temp-initial-block-size-main=262144"
    "memorysetup-allocator-temp-initial-block-size-worker=262144"
    "memorysetup-temp-allocator-size-background-worker=32768"
    "memorysetup-temp-allocator-size-job-worker=262144"
    "memorysetup-temp-allocator-size-preload-manager=33554432"
    "memorysetup-temp-allocator-size-nav-mesh-worker=65536"
    "memorysetup-temp-allocator-size-audio-worker=65536"
    "memorysetup-temp-allocator-size-cloud-worker=32768"
    "memorysetup-temp-allocator-size-gi-baking-worker=262144"
    "memorysetup-temp-allocator-size-gfx=262144"
Player connection [35732]  Target information:

Player connection [35732]  * "[IP] 10.95.119.134 [Port] 0 [Flags] 2 [Guid] 566758719 [EditorId] 566758719 [Version] 1048832 [Id] WindowsEditor(7,LAPTOP-QEA6GBDG) [Debug] 1 [PackageName] WindowsEditor [ProjectName] Editor" 

Player connection [35732]  * "[IP] 192.168.43.197 [Port] 0 [Flags] 2 [Guid] 566758719 [EditorId] 566758719 [Version] 1048832 [Id] WindowsEditor(7,LAPTOP-QEA6GBDG) [Debug] 1 [PackageName] WindowsEditor [ProjectName] Editor" 

Player connection [35732] Host joined multi-casting on [225.0.0.222:54997]...
Player connection [35732] Host joined alternative multi-casting on [225.0.0.222:34997]...
Input System module state changed to: Initialized.
[PhysX] Initialized MultithreadedTaskDispatcher with 12 workers.
Refreshing native plugins compatible for Editor in 70.96 ms, found 7 plugins.
Preloading 0 native plugins for Editor in 0.00 ms.
Initialize engine version: 2022.3.61f1c1 (327989805ccf)
[Subsystems] Discovering subsystems at path D:/Program Files/Unity/2022.3.61f1c1/Editor/Data/Resources/UnitySubsystems
[Subsystems] Discovering subsystems at path D:/4/Unity-RL-Playground/gewu/Assets
GfxDevice: creating device client; threaded=0; jobified=0
Direct3D:
    Version:  Direct3D 11.0 [level 11.1]
    Renderer: Intel(R) UHD Graphics (ID=0xa7a8)
    Vendor:   Intel
    VRAM:     8054 MB
    Driver:   31.0.101.4146
Initialize mono
Mono path[0] = 'D:/Program Files/Unity/2022.3.61f1c1/Editor/Data/Managed'
Mono path[1] = 'D:/Program Files/Unity/2022.3.61f1c1/Editor/Data/MonoBleedingEdge/lib/mono/unityjit-win32'
Mono config path = 'D:/Program Files/Unity/2022.3.61f1c1/Editor/Data/MonoBleedingEdge/etc'
Using monoOptions --debugger-agent=transport=dt_socket,embedding=1,server=y,suspend=n,address=127.0.0.1:56480
Begin MonoManager ReloadAssembly
Registering precompiled unity dll's ...
Register platform support module: D:/Program Files/Unity/2022.3.61f1c1/Editor/Data/PlaybackEngines/WebGLSupport/UnityEditor.WebGL.Extensions.dll
Register platform support module: D:/Program Files/Unity/2022.3.61f1c1/Editor/Data/PlaybackEngines/AndroidPlayer/UnityEditor.Android.Extensions.dll
Register platform support module: D:/Program Files/Unity/2022.3.61f1c1/Editor/Data/PlaybackEngines/WindowsStandaloneSupport/UnityEditor.WindowsStandalone.Extensions.dll
Register platform support module: D:/Program Files/Unity/2022.3.61f1c1/Editor/Data/PlaybackEngines/LinuxStandaloneSupport/UnityEditor.LinuxStandalone.Extensions.dll
Registered in 0.003137 seconds.
- Loaded All Assemblies, in  0.248 seconds
Native extension for LinuxStandalone target not found
Native extension for WindowsStandalone target not found
Native extension for Android target not found
Android Extension - Scanning For ADB Devices 229 ms
Native extension for WebGL target not found
Mono: successfully reloaded assembly
- Finished resetting the current domain, in  0.442 seconds
Domain Reload Profiling: 690ms
	BeginReloadAssembly (73ms)
		ExecutionOrderSort (0ms)
		DisableScriptedObjects (0ms)
		BackupInstance (0ms)
		ReleaseScriptingObjects (0ms)
		CreateAndSetChildDomain (1ms)
	RebuildCommonClasses (23ms)
	RebuildNativeTypeToScriptingClass (7ms)
	initialDomainReloadingComplete (38ms)
	LoadAllAssembliesAndSetupDomain (108ms)
		LoadAssemblies (73ms)
		RebuildTransferFunctionScriptingTraits (0ms)
		AnalyzeDomain (106ms)
			TypeCache.Refresh (104ms)
				TypeCache.ScanAssembly (94ms)
			ScanForSourceGeneratedMonoScriptInfo (0ms)
			ResolveRequiredComponents (1ms)
	FinalizeReload (442ms)
		ReleaseScriptCaches (0ms)
		RebuildScriptCaches (0ms)
		SetupLoadedEditorAssemblies (410ms)
			LogAssemblyErrors (0ms)
			InitializePlatformSupportModulesInManaged (290ms)
			SetLoadedEditorAssemblies (3ms)
			RefreshPlugins (0ms)
			BeforeProcessingInitializeOnLoad (2ms)
			ProcessInitializeOnLoadAttributes (82ms)
			ProcessInitializeOnLoadMethodAttributes (34ms)
			AfterProcessingInitializeOnLoad (0ms)
			EditorAssembliesLoaded (0ms)
		ExecutionOrderSort2 (0ms)
		AwakeInstancesAfterBackupRestoration (0ms)
========================================================================
Worker process is ready to serve import requests
Caller must complete domain reload
Begin MonoManager ReloadAssembly
Symbol file LoadedFromMemory is not a mono symbol file
- Loaded All Assemblies, in  0.408 seconds
Native extension for LinuxStandalone target not found
Native extension for WindowsStandalone target not found
Native extension for Android target not found
Native extension for WebGL target not found
Mono: successfully reloaded assembly
- Finished resetting the current domain, in  0.386 seconds
Domain Reload Profiling: 793ms
	BeginReloadAssembly (97ms)
		ExecutionOrderSort (0ms)
		DisableScriptedObjects (4ms)
		BackupInstance (0ms)
		ReleaseScriptingObjects (0ms)
		CreateAndSetChildDomain (15ms)
	RebuildCommonClasses (25ms)
	RebuildNativeTypeToScriptingClass (7ms)
	initialDomainReloadingComplete (20ms)
	LoadAllAssembliesAndSetupDomain (259ms)
		LoadAssemblies (195ms)
		RebuildTransferFunctionScriptingTraits (0ms)
		AnalyzeDomain (117ms)
			TypeCache.Refresh (98ms)
				TypeCache.ScanAssembly (84ms)
			ScanForSourceGeneratedMonoScriptInfo (15ms)
			ResolveRequiredComponents (3ms)
	FinalizeReload (386ms)
		ReleaseScriptCaches (0ms)
		RebuildScriptCaches (0ms)
		SetupLoadedEditorAssemblies (283ms)
			LogAssemblyErrors (0ms)
			InitializePlatformSupportModulesInManaged (14ms)
			SetLoadedEditorAssemblies (3ms)
			RefreshPlugins (0ms)
			BeforeProcessingInitializeOnLoad (60ms)
			ProcessInitializeOnLoadAttributes (144ms)
			ProcessInitializeOnLoadMethodAttributes (60ms)
			AfterProcessingInitializeOnLoad (1ms)
			EditorAssembliesLoaded (0ms)
		ExecutionOrderSort2 (0ms)
		AwakeInstancesAfterBackupRestoration (4ms)
Launched and connected shader compiler UnityShaderCompiler.exe after 0.07 seconds
Refreshing native plugins compatible for Editor in 54.91 ms, found 7 plugins.
Preloading 0 native plugins for Editor in 0.00 ms.
Unloading 3455 Unused Serialized files (Serialized files now loaded: 0)
Unloading 98 unused Assets / (11.7 MB). Loaded Objects now: 3856.
Memory consumption went from 169.4 MB to 157.7 MB.
Total: 3.283300 ms (FindLiveObjects: 0.169900 ms CreateObjectMapping: 0.069700 ms MarkObjects: 1.924400 ms  DeleteObjects: 1.118200 ms)

AssetImportParameters requested are different than current active one (requested -> active):
  custom:container-demuxer-ogg: 62fdf1f143b41e24485cea50d1cbac27 -> 
  custom:video-codec-MediaFoundation-h265: 746d11721c4dcdbdad8f713fa42b33f4 -> 
  custom:video-decoder-ogg-theora: a1e56fd34408186e4bbccfd4996cb3dc -> 
  custom:framework-win-MediaFoundation: 216162199b28c13a410421893ffa2e32 -> 
  custom:CustomObjectIndexerAttribute: 9a22284fe3817be447336de3de66b15e -> 
  custom:container-demuxer-webm: 4f35f7cbe854078d1ac9338744f61a02 -> 
  custom:container-muxer-webm: aa71ff27fc2769a1b78a27578f13a17b -> 
  custom:video-decoder-webm-vp8: 9c59270c3fd7afecdb556c50c9e8de78 -> 
  custom:SearchIndexIgnoredProperties: e643bd26f0fe6173181afceb89e7c659 -> 
  custom:AudioImporter_EditorPlatform: d09bf68614088b80899f8185d706f6e7 -> 
  custom:video-encoder-webm-vp8: eb34c28f22e8b96e1ab97ce403110664 -> 
  custom:audio-decoder-ogg-vorbis: bf7c407c2cedff20999df2af8eb42d56 -> 
  custom:audio-encoder-webm-vorbis: bf7c407c2cedff20999df2af8eb42d56 -> 
========================================================================
Received Import Request.
  Time since last request: 1320244.557890 seconds.
  path: Assets/urdf/WF_TRON1A_description/xacro
  artifactKey: Guid(4ada47fa2e241b34f97dbe09a0e3ef78) Importer(815301076,1909f56bfc062723c751e8b465ee728b)
Start importing Assets/urdf/WF_TRON1A_description/xacro using Guid(4ada47fa2e241b34f97dbe09a0e3ef78) Importer(815301076,1909f56bfc062723c751e8b465ee728b) [PhysX] Initialized MultithreadedTaskDispatcher with 12 workers.
 -> (artifact id: '51a954c061230d4483ebd06a88d52b93') in 0.001645 seconds
Number of updated asset objects reloaded before import = 0
Number of asset objects unloaded after import = 0
========================================================================
Received Import Request.
  Time since last request: 5.291753 seconds.
  path: Assets/urdf/WF_TRON1A_description/Materials
  artifactKey: Guid(63d455fd1af3f9a47a2383b2dfac670a) Importer(815301076,1909f56bfc062723c751e8b465ee728b)
Start importing Assets/urdf/WF_TRON1A_description/Materials using Guid(63d455fd1af3f9a47a2383b2dfac670a) Importer(815301076,1909f56bfc062723c751e8b465ee728b) [PhysX] Initialized MultithreadedTaskDispatcher with 12 workers.
 -> (artifact id: '1ea4e4fe674140fa6975324a09534af6') in 0.000450 seconds
Number of updated asset objects reloaded before import = 0
Number of asset objects unloaded after import = 0
========================================================================
Received Import Request.
  Time since last request: 0.160316 seconds.
  path: Assets/urdf/WF_TRON1A_description/Materials/black.mat
  artifactKey: Guid(4eb18e500e3afde41a208e6e8f9491b2) Importer(815301076,1909f56bfc062723c751e8b465ee728b)
Start importing Assets/urdf/WF_TRON1A_description/Materials/black.mat using Guid(4eb18e500e3afde41a208e6e8f9491b2) Importer(815301076,1909f56bfc062723c751e8b465ee728b) [PhysX] Initialized MultithreadedTaskDispatcher with 12 workers.
[PhysX] Initialized MultithreadedTaskDispatcher with 12 workers.
 -> (artifact id: '5d6b38fcde83b5fc9422cadd5b0a3a62') in 0.173603 seconds
Number of updated asset objects reloaded before import = 0
Number of asset objects unloaded after import = 1
========================================================================
Received Import Request.
  Time since last request: 0.000043 seconds.
  path: Assets/urdf/WF_TRON1A_description/Materials/rgba-0.79216-0.81961-0.93333-1.mat
  artifactKey: Guid(f58a59eaf978afb4280d59781d6fd402) Importer(815301076,1909f56bfc062723c751e8b465ee728b)
Start importing Assets/urdf/WF_TRON1A_description/Materials/rgba-0.79216-0.81961-0.93333-1.mat using Guid(f58a59eaf978afb4280d59781d6fd402) Importer(815301076,1909f56bfc062723c751e8b465ee728b) [PhysX] Initialized MultithreadedTaskDispatcher with 12 workers.
[PhysX] Initialized MultithreadedTaskDispatcher with 12 workers.
 -> (artifact id: '5b50e4a0897ea9b9320dc970c3e5a5e8') in 0.038731 seconds
Number of updated asset objects reloaded before import = 0
Number of asset objects unloaded after import = 1
========================================================================
Received Import Request.
  Time since last request: 0.000049 seconds.
  path: Assets/urdf/WF_TRON1A_description/Materials/orange.mat
  artifactKey: Guid(c1d9ff9970161414dbd9ce0ef80fa9b3) Importer(815301076,1909f56bfc062723c751e8b465ee728b)
Start importing Assets/urdf/WF_TRON1A_description/Materials/orange.mat using Guid(c1d9ff9970161414dbd9ce0ef80fa9b3) Importer(815301076,1909f56bfc062723c751e8b465ee728b) [PhysX] Initialized MultithreadedTaskDispatcher with 12 workers.
[PhysX] Initialized MultithreadedTaskDispatcher with 12 workers.
 -> (artifact id: '6022fcbec698419f33e56af595f86a9a') in 0.060063 seconds
Number of updated asset objects reloaded before import = 0
Number of asset objects unloaded after import = 1
========================================================================
Received Import Request.
  Time since last request: 12.174529 seconds.
  path: Assets/urdf/azureLoong_description
  artifactKey: Guid(6a327c83b202e6646b3601765b2e5ece) Importer(815301076,1909f56bfc062723c751e8b465ee728b)
Start importing Assets/urdf/azureLoong_description using Guid(6a327c83b202e6646b3601765b2e5ece) Importer(815301076,1909f56bfc062723c751e8b465ee728b) [PhysX] Initialized MultithreadedTaskDispatcher with 12 workers.
 -> (artifact id: 'f1b82120841a8de4665e6105a70a3736') in 0.000626 seconds
Number of updated asset objects reloaded before import = 0
Number of asset objects unloaded after import = 0
========================================================================
Received Import Request.
  Time since last request: 4.103042 seconds.
  path: Assets/urdf/azureLoong_description/Data
  artifactKey: Guid(3b19d60fb5b1ef946a5522d4d4669cb9) Importer(815301076,1909f56bfc062723c751e8b465ee728b)
Start importing Assets/urdf/azureLoong_description/Data using Guid(3b19d60fb5b1ef946a5522d4d4669cb9) Importer(815301076,1909f56bfc062723c751e8b465ee728b) [PhysX] Initialized MultithreadedTaskDispatcher with 12 workers.
 -> (artifact id: '3baf968be61dfde43f04ad96722ca76e') in 0.000464 seconds
Number of updated asset objects reloaded before import = 0
Number of asset objects unloaded after import = 0
========================================================================
Received Import Request.
  Time since last request: 0.484714 seconds.
  path: Assets/urdf/azureLoong_description/meshes
  artifactKey: Guid(ee3f4a4df935b0a47bc18af60d76bb6e) Importer(815301076,1909f56bfc062723c751e8b465ee728b)
Start importing Assets/urdf/azureLoong_description/meshes using Guid(ee3f4a4df935b0a47bc18af60d76bb6e) Importer(815301076,1909f56bfc062723c751e8b465ee728b) [PhysX] Initialized MultithreadedTaskDispatcher with 12 workers.
 -> (artifact id: 'f317a9048954d07fac2737d7b6680e87') in 0.000761 seconds
Number of updated asset objects reloaded before import = 0
Number of asset objects unloaded after import = 0
========================================================================
Received Import Request.
  Time since last request: 0.281041 seconds.
  path: Assets/urdf/azureLoong_description/meshes/base_link.prefab
  artifactKey: Guid(29c68d80e5044854e8c5b5c3492b35bc) Importer(815301076,1909f56bfc062723c751e8b465ee728b)
Start importing Assets/urdf/azureLoong_description/meshes/base_link.prefab using Guid(29c68d80e5044854e8c5b5c3492b35bc) Importer(815301076,1909f56bfc062723c751e8b465ee728b) [PhysX] Initialized MultithreadedTaskDispatcher with 12 workers.
[PhysX] Initialized MultithreadedTaskDispatcher with 12 workers.
 -> (artifact id: '34176aa6d525c0c37c35c899ba579d14') in 0.137338 seconds
Number of updated asset objects reloaded before import = 0
Number of asset objects unloaded after import = 29
========================================================================
Received Import Request.
  Time since last request: 0.000030 seconds.
  path: Assets/urdf/azureLoong_description/meshes/base_link_38.asset
  artifactKey: Guid(826e946805076df4ea343554efc87553) Importer(815301076,1909f56bfc062723c751e8b465ee728b)
Start importing Assets/urdf/azureLoong_description/meshes/base_link_38.asset using Guid(826e946805076df4ea343554efc87553) Importer(815301076,1909f56bfc062723c751e8b465ee728b) [PhysX] Initialized MultithreadedTaskDispatcher with 12 workers.
[PhysX] Initialized MultithreadedTaskDispatcher with 12 workers.
 -> (artifact id: 'b7beb5c9b15e80a6b4e4141662179516') in 0.054592 seconds
Number of updated asset objects reloaded before import = 0
Number of asset objects unloaded after import = 2
========================================================================
Received Import Request.
  Time since last request: 0.000046 seconds.
  path: Assets/urdf/azureLoong_description/meshes/base_link_6.asset
  artifactKey: Guid(218e7e16a40affd478ec7f652d95938a) Importer(815301076,1909f56bfc062723c751e8b465ee728b)
Start importing Assets/urdf/azureLoong_description/meshes/base_link_6.asset using Guid(218e7e16a40affd478ec7f652d95938a) Importer(815301076,1909f56bfc062723c751e8b465ee728b) [PhysX] Initialized MultithreadedTaskDispatcher with 12 workers.
[PhysX] Initialized MultithreadedTaskDispatcher with 12 workers.
 -> (artifact id: '84b9713d55cb74e3127c348748f3ff8b') in 0.062301 seconds
Number of updated asset objects reloaded before import = 0
Number of asset objects unloaded after import = 2
========================================================================
Received Import Request.
  Time since last request: 0.000155 seconds.
  path: Assets/urdf/azureLoong_description/meshes/base_link_29.asset
  artifactKey: Guid(736cb74eb15c08542955d83d43c263e6) Importer(815301076,1909f56bfc062723c751e8b465ee728b)
Start importing Assets/urdf/azureLoong_description/meshes/base_link_29.asset using Guid(736cb74eb15c08542955d83d43c263e6) Importer(815301076,1909f56bfc062723c751e8b465ee728b) [PhysX] Initialized MultithreadedTaskDispatcher with 12 workers.
[PhysX] Initialized MultithreadedTaskDispatcher with 12 workers.
 -> (artifact id: 'c948136aae9f9b246398026e1cbd358d') in 0.071150 seconds
Number of updated asset objects reloaded before import = 0
Number of asset objects unloaded after import = 2
========================================================================
Received Import Request.
  Time since last request: 0.000042 seconds.
  path: Assets/urdf/azureLoong_description/meshes/base_link_2.asset
  artifactKey: Guid(e72c5a4c305d3a844add0cfe8d0c554a) Importer(815301076,1909f56bfc062723c751e8b465ee728b)
Start importing Assets/urdf/azureLoong_description/meshes/base_link_2.asset using Guid(e72c5a4c305d3a844add0cfe8d0c554a) Importer(815301076,1909f56bfc062723c751e8b465ee728b) [PhysX] Initialized MultithreadedTaskDispatcher with 12 workers.
[PhysX] Initialized MultithreadedTaskDispatcher with 12 workers.
 -> (artifact id: 'd40e3874156b74f6690dd9de3aeb07d6') in 0.061788 seconds
Number of updated asset objects reloaded before import = 0
Number of asset objects unloaded after import = 2
========================================================================
Received Import Request.
  Time since last request: 0.000037 seconds.
  path: Assets/urdf/azureLoong_description/meshes/base_link_20.asset
  artifactKey: Guid(eef737ed86a6bb241abe7e32bd9ddf34) Importer(815301076,1909f56bfc062723c751e8b465ee728b)
Start importing Assets/urdf/azureLoong_description/meshes/base_link_20.asset using Guid(eef737ed86a6bb241abe7e32bd9ddf34) Importer(815301076,1909f56bfc062723c751e8b465ee728b) [PhysX] Initialized MultithreadedTaskDispatcher with 12 workers.
[PhysX] Initialized MultithreadedTaskDispatcher with 12 workers.
 -> (artifact id: '4c277862f54b5655b302c7d9169b599e') in 0.068807 seconds
Number of updated asset objects reloaded before import = 0
Number of asset objects unloaded after import = 2
========================================================================
Received Import Request.
  Time since last request: 0.000145 seconds.
  path: Assets/urdf/azureLoong_description/meshes/base_link_23.asset
  artifactKey: Guid(4150d7133aab4af47bd7458db428738c) Importer(815301076,1909f56bfc062723c751e8b465ee728b)
Start importing Assets/urdf/azureLoong_description/meshes/base_link_23.asset using Guid(4150d7133aab4af47bd7458db428738c) Importer(815301076,1909f56bfc062723c751e8b465ee728b) [PhysX] Initialized MultithreadedTaskDispatcher with 12 workers.
[PhysX] Initialized MultithreadedTaskDispatcher with 12 workers.
 -> (artifact id: 'd201ee6719aeaaa61520a6c2cff7da71') in 0.060970 seconds
Number of updated asset objects reloaded before import = 0
Number of asset objects unloaded after import = 2
========================================================================
Received Import Request.
  Time since last request: 0.000029 seconds.
  path: Assets/urdf/azureLoong_description/meshes/base_link_21.asset
  artifactKey: Guid(1263b0f24e7e6444a9a6227b5ce13e1a) Importer(815301076,1909f56bfc062723c751e8b465ee728b)
Start importing Assets/urdf/azureLoong_description/meshes/base_link_21.asset using Guid(1263b0f24e7e6444a9a6227b5ce13e1a) Importer(815301076,1909f56bfc062723c751e8b465ee728b) [PhysX] Initialized MultithreadedTaskDispatcher with 12 workers.
[PhysX] Initialized MultithreadedTaskDispatcher with 12 workers.
 -> (artifact id: 'd54ce75762cdb2c2ab3e490e65338e69') in 0.074748 seconds
Number of updated asset objects reloaded before import = 0
Number of asset objects unloaded after import = 2
========================================================================
Received Import Request.
  Time since last request: 0.000025 seconds.
  path: Assets/urdf/azureLoong_description/meshes/base_link_32.asset
  artifactKey: Guid(76fc13366bf87fc44910a6a8bca05110) Importer(815301076,1909f56bfc062723c751e8b465ee728b)
Start importing Assets/urdf/azureLoong_description/meshes/base_link_32.asset using Guid(76fc13366bf87fc44910a6a8bca05110) Importer(815301076,1909f56bfc062723c751e8b465ee728b) [PhysX] Initialized MultithreadedTaskDispatcher with 12 workers.
[PhysX] Initialized MultithreadedTaskDispatcher with 12 workers.
 -> (artifact id: '91b3ca856dd2661f4dcd4b9a422bcdc7') in 0.059636 seconds
Number of updated asset objects reloaded before import = 0
Number of asset objects unloaded after import = 2
========================================================================
Received Import Request.
  Time since last request: 0.000037 seconds.
  path: Assets/urdf/azureLoong_description/meshes/base_link_8.asset
  artifactKey: Guid(691ccdd703a2798449ac9db02d0e11ee) Importer(815301076,1909f56bfc062723c751e8b465ee728b)
Start importing Assets/urdf/azureLoong_description/meshes/base_link_8.asset using Guid(691ccdd703a2798449ac9db02d0e11ee) Importer(815301076,1909f56bfc062723c751e8b465ee728b) [PhysX] Initialized MultithreadedTaskDispatcher with 12 workers.
[PhysX] Initialized MultithreadedTaskDispatcher with 12 workers.
 -> (artifact id: 'd0e84b87958f9179045b88460c4ab7c9') in 0.062693 seconds
Number of updated asset objects reloaded before import = 0
Number of asset objects unloaded after import = 2
========================================================================
Received Import Request.
  Time since last request: 0.000044 seconds.
  path: Assets/urdf/azureLoong_description/meshes/base_link_3.asset
  artifactKey: Guid(3f2bbd2b352bee54fa3cb8f106b6e0fa) Importer(815301076,1909f56bfc062723c751e8b465ee728b)
Start importing Assets/urdf/azureLoong_description/meshes/base_link_3.asset using Guid(3f2bbd2b352bee54fa3cb8f106b6e0fa) Importer(815301076,1909f56bfc062723c751e8b465ee728b) [PhysX] Initialized MultithreadedTaskDispatcher with 12 workers.
[PhysX] Initialized MultithreadedTaskDispatcher with 12 workers.
 -> (artifact id: '453beab9a3b77b8183a23e57c7e74269') in 0.068099 seconds
Number of updated asset objects reloaded before import = 0
Number of asset objects unloaded after import = 2
========================================================================
Received Import Request.
  Time since last request: 0.000044 seconds.
  path: Assets/urdf/azureLoong_description/meshes/base_link_5.asset
  artifactKey: Guid(e463848775bfe7040a8ed4bd2263af5e) Importer(815301076,1909f56bfc062723c751e8b465ee728b)
Start importing Assets/urdf/azureLoong_description/meshes/base_link_5.asset using Guid(e463848775bfe7040a8ed4bd2263af5e) Importer(815301076,1909f56bfc062723c751e8b465ee728b) [PhysX] Initialized MultithreadedTaskDispatcher with 12 workers.
[PhysX] Initialized MultithreadedTaskDispatcher with 12 workers.
 -> (artifact id: '39fd4903d03ad13f56a97ad0ac17dc53') in 0.061005 seconds
Number of updated asset objects reloaded before import = 0
Number of asset objects unloaded after import = 2
========================================================================
Received Import Request.
  Time since last request: 4.464584 seconds.
  path: Assets/urdf/g1_description
  artifactKey: Guid(754379d0302592f448b4cc49f3f5fd7a) Importer(815301076,1909f56bfc062723c751e8b465ee728b)
Start importing Assets/urdf/g1_description using Guid(754379d0302592f448b4cc49f3f5fd7a) Importer(815301076,1909f56bfc062723c751e8b465ee728b) [PhysX] Initialized MultithreadedTaskDispatcher with 12 workers.
 -> (artifact id: 'd7892bad906befe8eb40f6e76a2f4da4') in 0.000593 seconds
Number of updated asset objects reloaded before import = 0
Number of asset objects unloaded after import = 0
========================================================================
Received Import Request.
  Time since last request: 4.639901 seconds.
  path: Assets/urdf/go2_description
  artifactKey: Guid(2a948f7bcfbbf034b802fecb88fc6302) Importer(815301076,1909f56bfc062723c751e8b465ee728b)
Start importing Assets/urdf/go2_description using Guid(2a948f7bcfbbf034b802fecb88fc6302) Importer(815301076,1909f56bfc062723c751e8b465ee728b) [PhysX] Initialized MultithreadedTaskDispatcher with 12 workers.
 -> (artifact id: '0b8bf936947ce858ea84c496b02f8cae') in 0.000535 seconds
Number of updated asset objects reloaded before import = 0
Number of asset objects unloaded after import = 0
========================================================================
Received Import Request.
  Time since last request: 3.356669 seconds.
  path: Assets/urdf/go2_description/dae
  artifactKey: Guid(1292c50186a0bfe48b3ab17e27243c44) Importer(815301076,1909f56bfc062723c751e8b465ee728b)
Start importing Assets/urdf/go2_description/dae using Guid(1292c50186a0bfe48b3ab17e27243c44) Importer(815301076,1909f56bfc062723c751e8b465ee728b) [PhysX] Initialized MultithreadedTaskDispatcher with 12 workers.
 -> (artifact id: 'ea77010aa6fb1f4c380dc1d7e0529eee') in 0.000667 seconds
Number of updated asset objects reloaded before import = 0
Number of asset objects unloaded after import = 0
========================================================================
Received Import Request.
  Time since last request: 0.173271 seconds.
  path: Assets/urdf/go2_description/dae/base.dae
  artifactKey: Guid(6fe55fb298e32da44aea72fbcbb5574c) Importer(815301076,1909f56bfc062723c751e8b465ee728b)
Start importing Assets/urdf/go2_description/dae/base.dae using Guid(6fe55fb298e32da44aea72fbcbb5574c) Importer(815301076,1909f56bfc062723c751e8b465ee728b) [PhysX] Initialized MultithreadedTaskDispatcher with 12 workers.
[PhysX] Initialized MultithreadedTaskDispatcher with 12 workers.
[PhysX] Initialized MultithreadedTaskDispatcher with 12 workers.
[PhysX] Initialized MultithreadedTaskDispatcher with 12 workers.
[PhysX] Initialized MultithreadedTaskDispatcher with 12 workers.
[PhysX] Initialized MultithreadedTaskDispatcher with 12 workers.
[PhysX] Initialized MultithreadedTaskDispatcher with 12 workers.
[PhysX] Initialized MultithreadedTaskDispatcher with 12 workers.
 -> (artifact id: 'c47b91ae9f5d77739507f796df59feb3') in 0.094698 seconds
Number of updated asset objects reloaded before import = 0
Number of asset objects unloaded after import = 12
========================================================================
Received Import Request.
  Time since last request: 0.000031 seconds.
  path: Assets/urdf/go2_description/dae/hip.dae
  artifactKey: Guid(be609720b571da9469d6ca83b13a6c7c) Importer(815301076,1909f56bfc062723c751e8b465ee728b)
Start importing Assets/urdf/go2_description/dae/hip.dae using Guid(be609720b571da9469d6ca83b13a6c7c) Importer(815301076,1909f56bfc062723c751e8b465ee728b) [PhysX] Initialized MultithreadedTaskDispatcher with 12 workers.
[PhysX] Initialized MultithreadedTaskDispatcher with 12 workers.
[PhysX] Initialized MultithreadedTaskDispatcher with 12 workers.
[PhysX] Initialized MultithreadedTaskDispatcher with 12 workers.
[PhysX] Initialized MultithreadedTaskDispatcher with 12 workers.
 -> (artifact id: 'd2cefda37435b9a2818150a4afc747c7') in 0.112674 seconds
Number of updated asset objects reloaded before import = 0
Number of asset objects unloaded after import = 9
========================================================================
Received Import Request.
  Time since last request: 2.018783 seconds.
  path: Assets/urdf/go2_description/meshes
  artifactKey: Guid(fcca2bd421f11d849817781d46346779) Importer(815301076,1909f56bfc062723c751e8b465ee728b)
Start importing Assets/urdf/go2_description/meshes using Guid(fcca2bd421f11d849817781d46346779) Importer(815301076,1909f56bfc062723c751e8b465ee728b) [PhysX] Initialized MultithreadedTaskDispatcher with 12 workers.
 -> (artifact id: '15de054bd0f5f7734dcbb3d1d7930c54') in 0.000459 seconds
Number of updated asset objects reloaded before import = 0
Number of asset objects unloaded after import = 0
========================================================================
Received Import Request.
  Time since last request: 0.143452 seconds.
  path: Assets/urdf/go2_description/meshes/calf.dae
  artifactKey: Guid(9a4917453fdce8646b62f788924eaca2) Importer(815301076,1909f56bfc062723c751e8b465ee728b)
Start importing Assets/urdf/go2_description/meshes/calf.dae using Guid(9a4917453fdce8646b62f788924eaca2) Importer(815301076,1909f56bfc062723c751e8b465ee728b) [PhysX] Initialized MultithreadedTaskDispatcher with 12 workers.
[PhysX] Initialized MultithreadedTaskDispatcher with 12 workers.
[PhysX] Initialized MultithreadedTaskDispatcher with 12 workers.
[PhysX] Initialized MultithreadedTaskDispatcher with 12 workers.
[PhysX] Initialized MultithreadedTaskDispatcher with 12 workers.
 -> (artifact id: '1be92ab02801d568397c7a240c6b52d0') in 0.093691 seconds
Number of updated asset objects reloaded before import = 0
Number of asset objects unloaded after import = 9
========================================================================
Received Import Request.
  Time since last request: 0.000031 seconds.
  path: Assets/urdf/go2_description/meshes/thigh.dae
  artifactKey: Guid(a636922888a24654c85e583ba66edd8d) Importer(815301076,1909f56bfc062723c751e8b465ee728b)
Start importing Assets/urdf/go2_description/meshes/thigh.dae using Guid(a636922888a24654c85e583ba66edd8d) Importer(815301076,1909f56bfc062723c751e8b465ee728b) [PhysX] Initialized MultithreadedTaskDispatcher with 12 workers.
[PhysX] Initialized MultithreadedTaskDispatcher with 12 workers.
[PhysX] Initialized MultithreadedTaskDispatcher with 12 workers.
[PhysX] Initialized MultithreadedTaskDispatcher with 12 workers.
[PhysX] Initialized MultithreadedTaskDispatcher with 12 workers.
 -> (artifact id: '3fd211e04f4f5dd726c3991991490738') in 0.114090 seconds
Number of updated asset objects reloaded before import = 0
Number of asset objects unloaded after import = 9
========================================================================
Received Import Request.
  Time since last request: 0.000122 seconds.
  path: Assets/urdf/go2_description/meshes/thigh_mirror.dae
  artifactKey: Guid(785a4a9605c4fb54e8e3e91cd4ca825b) Importer(815301076,1909f56bfc062723c751e8b465ee728b)
Start importing Assets/urdf/go2_description/meshes/thigh_mirror.dae using Guid(785a4a9605c4fb54e8e3e91cd4ca825b) Importer(815301076,1909f56bfc062723c751e8b465ee728b) [PhysX] Initialized MultithreadedTaskDispatcher with 12 workers.
[PhysX] Initialized MultithreadedTaskDispatcher with 12 workers.
[PhysX] Initialized MultithreadedTaskDispatcher with 12 workers.
[PhysX] Initialized MultithreadedTaskDispatcher with 12 workers.
[PhysX] Initialized MultithreadedTaskDispatcher with 12 workers.
 -> (artifact id: '326f5f9852b30ca4acb264e78db4a0e4') in 0.118170 seconds
Number of updated asset objects reloaded before import = 0
Number of asset objects unloaded after import = 9
========================================================================
Received Import Request.
  Time since last request: 5.907608 seconds.
  path: Assets/urdf/go2_description/xacro
  artifactKey: Guid(c25f2606428e2f54abd76fb27db1da99) Importer(815301076,1909f56bfc062723c751e8b465ee728b)
Start importing Assets/urdf/go2_description/xacro using Guid(c25f2606428e2f54abd76fb27db1da99) Importer(815301076,1909f56bfc062723c751e8b465ee728b) [PhysX] Initialized MultithreadedTaskDispatcher with 12 workers.
 -> (artifact id: '8dfb2a102c59445e8d1101c085f56726') in 0.000728 seconds
Number of updated asset objects reloaded before import = 0
Number of asset objects unloaded after import = 0
========================================================================
Received Import Request.
  Time since last request: 6.270377 seconds.
  path: Assets/urdf/x02_description
  artifactKey: Guid(591567c5268d70e4eb5adb89c691ef1d) Importer(815301076,1909f56bfc062723c751e8b465ee728b)
Start importing Assets/urdf/x02_description using Guid(591567c5268d70e4eb5adb89c691ef1d) Importer(815301076,1909f56bfc062723c751e8b465ee728b) [PhysX] Initialized MultithreadedTaskDispatcher with 12 workers.
 -> (artifact id: '99a05e88e7c1d3df61bb321535b92568') in 0.000556 seconds
Number of updated asset objects reloaded before import = 0
Number of asset objects unloaded after import = 0
========================================================================
Received Import Request.
  Time since last request: 1.739971 seconds.
  path: Assets/urdf/x02_description/meshes
  artifactKey: Guid(1996b92f485866e43844bda9b9de6183) Importer(815301076,1909f56bfc062723c751e8b465ee728b)
Start importing Assets/urdf/x02_description/meshes using Guid(1996b92f485866e43844bda9b9de6183) Importer(815301076,1909f56bfc062723c751e8b465ee728b) [PhysX] Initialized MultithreadedTaskDispatcher with 12 workers.
 -> (artifact id: '493cb108bdbc26e0da08ad7dafc5b0c2') in 0.000580 seconds
Number of updated asset objects reloaded before import = 0
Number of asset objects unloaded after import = 0
========================================================================
Received Import Request.
  Time since last request: 0.217960 seconds.
  path: Assets/urdf/x02_description/meshes/Cylinder.asset
  artifactKey: Guid(bc3776df449e1ab4aaf8cdf73387d821) Importer(815301076,1909f56bfc062723c751e8b465ee728b)
Start importing Assets/urdf/x02_description/meshes/Cylinder.asset using Guid(bc3776df449e1ab4aaf8cdf73387d821) Importer(815301076,1909f56bfc062723c751e8b465ee728b) [PhysX] Initialized MultithreadedTaskDispatcher with 12 workers.
[PhysX] Initialized MultithreadedTaskDispatcher with 12 workers.
 -> (artifact id: '6f92615db0e746d3e98918397b33dd4e') in 0.011551 seconds
Number of updated asset objects reloaded before import = 0
Number of asset objects unloaded after import = 2
========================================================================
Received Import Request.
  Time since last request: 0.000022 seconds.
  path: Assets/urdf/x02_description/meshes/L_ankle_pitch_Link.prefab
  artifactKey: Guid(cff94ca4f66623645bfa3adc221e06fd) Importer(815301076,1909f56bfc062723c751e8b465ee728b)
Start importing Assets/urdf/x02_description/meshes/L_ankle_pitch_Link.prefab using Guid(cff94ca4f66623645bfa3adc221e06fd) Importer(815301076,1909f56bfc062723c751e8b465ee728b) [PhysX] Initialized MultithreadedTaskDispatcher with 12 workers.
[PhysX] Initialized MultithreadedTaskDispatcher with 12 workers.
 -> (artifact id: '4d3587caa5bff24856bc958471ad8183') in 0.040454 seconds
Number of updated asset objects reloaded before import = 0
Number of asset objects unloaded after import = 9
========================================================================
Received Import Request.
  Time since last request: 0.000020 seconds.
  path: Assets/urdf/x02_description/meshes/L_elbow_Link.prefab
  artifactKey: Guid(63d6ebcc4cac1e947822610eaf299888) Importer(815301076,1909f56bfc062723c751e8b465ee728b)
Start importing Assets/urdf/x02_description/meshes/L_elbow_Link.prefab using Guid(63d6ebcc4cac1e947822610eaf299888) Importer(815301076,1909f56bfc062723c751e8b465ee728b) [PhysX] Initialized MultithreadedTaskDispatcher with 12 workers.
[PhysX] Initialized MultithreadedTaskDispatcher with 12 workers.
 -> (artifact id: '9120c2c269600706dae2295add15e6df') in 0.029604 seconds
Number of updated asset objects reloaded before import = 0
Number of asset objects unloaded after import = 9
========================================================================
Received Import Request.
  Time since last request: 0.000029 seconds.
  path: Assets/urdf/x02_description/meshes/Logo_Link_0.asset
  artifactKey: Guid(886c11b7063e02b44af617b6a2bf0473) Importer(815301076,1909f56bfc062723c751e8b465ee728b)
Start importing Assets/urdf/x02_description/meshes/Logo_Link_0.asset using Guid(886c11b7063e02b44af617b6a2bf0473) Importer(815301076,1909f56bfc062723c751e8b465ee728b) [PhysX] Initialized MultithreadedTaskDispatcher with 12 workers.
[PhysX] Initialized MultithreadedTaskDispatcher with 12 workers.
 -> (artifact id: '0d16dd541b7b5ae794885766e40ac11f') in 0.076227 seconds
Number of updated asset objects reloaded before import = 0
Number of asset objects unloaded after import = 2
========================================================================
Received Import Request.
  Time since last request: 0.000029 seconds.
  path: Assets/urdf/x02_description/meshes/L_shoulder_roll_Link_0.asset
  artifactKey: Guid(95159b94f8d93f34687dcaecb204b7d8) Importer(815301076,1909f56bfc062723c751e8b465ee728b)
Start importing Assets/urdf/x02_description/meshes/L_shoulder_roll_Link_0.asset using Guid(95159b94f8d93f34687dcaecb204b7d8) Importer(815301076,1909f56bfc062723c751e8b465ee728b) [PhysX] Initialized MultithreadedTaskDispatcher with 12 workers.
[PhysX] Initialized MultithreadedTaskDispatcher with 12 workers.
 -> (artifact id: 'e4df2a8c2a04e2063468fab96b74429d') in 0.079347 seconds
Number of updated asset objects reloaded before import = 0
Number of asset objects unloaded after import = 2
========================================================================
Received Import Request.
  Time since last request: 0.000035 seconds.
  path: Assets/urdf/x02_description/meshes/L_hip_pitch_Link_0.asset
  artifactKey: Guid(f2e219bab7421b442afc63732191108d) Importer(815301076,1909f56bfc062723c751e8b465ee728b)
Start importing Assets/urdf/x02_description/meshes/L_hip_pitch_Link_0.asset using Guid(f2e219bab7421b442afc63732191108d) Importer(815301076,1909f56bfc062723c751e8b465ee728b) [PhysX] Initialized MultithreadedTaskDispatcher with 12 workers.
[PhysX] Initialized MultithreadedTaskDispatcher with 12 workers.
 -> (artifact id: '088337f4750fcd999dc70c3aeb0802e7') in 0.077724 seconds
Number of updated asset objects reloaded before import = 0
Number of asset objects unloaded after import = 2
========================================================================
Received Import Request.
  Time since last request: 0.000036 seconds.
  path: Assets/urdf/x02_description/meshes/L_elbow_Link_0.asset
  artifactKey: Guid(52d3ab05caa5f0946bc5584f6691275c) Importer(815301076,1909f56bfc062723c751e8b465ee728b)
Start importing Assets/urdf/x02_description/meshes/L_elbow_Link_0.asset using Guid(52d3ab05caa5f0946bc5584f6691275c) Importer(815301076,1909f56bfc062723c751e8b465ee728b) [PhysX] Initialized MultithreadedTaskDispatcher with 12 workers.
[PhysX] Initialized MultithreadedTaskDispatcher with 12 workers.
 -> (artifact id: '8d0b1025932f92291aeec77ce7691764') in 0.069326 seconds
Number of updated asset objects reloaded before import = 0
Number of asset objects unloaded after import = 2
========================================================================
Received Import Request.
  Time since last request: 0.000036 seconds.
  path: Assets/urdf/x02_description/meshes/L_shoulder_yaw_Link_0.asset
  artifactKey: Guid(7e0146ebeeed06d4ab5d546d51f3ae3e) Importer(815301076,1909f56bfc062723c751e8b465ee728b)
Start importing Assets/urdf/x02_description/meshes/L_shoulder_yaw_Link_0.asset using Guid(7e0146ebeeed06d4ab5d546d51f3ae3e) Importer(815301076,1909f56bfc062723c751e8b465ee728b) [PhysX] Initialized MultithreadedTaskDispatcher with 12 workers.
[PhysX] Initialized MultithreadedTaskDispatcher with 12 workers.
 -> (artifact id: '77a0083df4f3da3d45196177ac535a7c') in 0.068090 seconds
Number of updated asset objects reloaded before import = 0
Number of asset objects unloaded after import = 2
========================================================================
Received Import Request.
  Time since last request: 0.000029 seconds.
  path: Assets/urdf/x02_description/meshes/L_shoulder_pitch_Link.prefab
  artifactKey: Guid(a862b52ba685e8744a698322cc8d56c0) Importer(815301076,1909f56bfc062723c751e8b465ee728b)
Start importing Assets/urdf/x02_description/meshes/L_shoulder_pitch_Link.prefab using Guid(a862b52ba685e8744a698322cc8d56c0) Importer(815301076,1909f56bfc062723c751e8b465ee728b) [PhysX] Initialized MultithreadedTaskDispatcher with 12 workers.
[PhysX] Initialized MultithreadedTaskDispatcher with 12 workers.
 -> (artifact id: '4fb0aefc11eb75ba51c4892f70dfca3a') in 0.065857 seconds
Number of updated asset objects reloaded before import = 0
Number of asset objects unloaded after import = 9
========================================================================
Received Import Request.
  Time since last request: 0.000047 seconds.
  path: Assets/urdf/x02_description/meshes/Logo_Link.prefab
  artifactKey: Guid(25ff36ae8719d0b4287cd939907fade5) Importer(815301076,1909f56bfc062723c751e8b465ee728b)
Start importing Assets/urdf/x02_description/meshes/Logo_Link.prefab using Guid(25ff36ae8719d0b4287cd939907fade5) Importer(815301076,1909f56bfc062723c751e8b465ee728b) [PhysX] Initialized MultithreadedTaskDispatcher with 12 workers.
[PhysX] Initialized MultithreadedTaskDispatcher with 12 workers.
 -> (artifact id: '976da2ae68a1ebcc71710b4289144d8d') in 0.068599 seconds
Number of updated asset objects reloaded before import = 0
Number of asset objects unloaded after import = 9
========================================================================
Received Import Request.
  Time since last request: 16.729222 seconds.
  path: Assets/Menu/image/gif frame3.png
  artifactKey: Guid(3659c8a08b96f9440b59eb7e2860bde5) Importer(815301076,1909f56bfc062723c751e8b465ee728b)
Start importing Assets/Menu/image/gif frame3.png using Guid(3659c8a08b96f9440b59eb7e2860bde5) Importer(815301076,1909f56bfc062723c751e8b465ee728b) [PhysX] Initialized MultithreadedTaskDispatcher with 12 workers.
[PhysX] Initialized MultithreadedTaskDispatcher with 12 workers.
 -> (artifact id: '6bbf3a5426c1598ba830c72b50edb653') in 0.121344 seconds
Number of updated asset objects reloaded before import = 0
Number of asset objects unloaded after import = 3
========================================================================
Received Import Request.
  Time since last request: 0.000039 seconds.
  path: Assets/Menu/image/text 6 - en.png
  artifactKey: Guid(cdb195fd34ddd6b4b8b8305af726eca7) Importer(815301076,1909f56bfc062723c751e8b465ee728b)
Start importing Assets/Menu/image/text 6 - en.png using Guid(cdb195fd34ddd6b4b8b8305af726eca7) Importer(815301076,1909f56bfc062723c751e8b465ee728b) [PhysX] Initialized MultithreadedTaskDispatcher with 12 workers.
[PhysX] Initialized MultithreadedTaskDispatcher with 12 workers.
 -> (artifact id: '57c2859f2df14160356aa5b278b457a7') in 0.081404 seconds
Number of updated asset objects reloaded before import = 0
Number of asset objects unloaded after import = 3
========================================================================
Received Import Request.
  Time since last request: 0.000028 seconds.
  path: Assets/Menu/image/RLPlogo2.png
  artifactKey: Guid(45061a06d564b5d488b037d5a91d65c7) Importer(815301076,1909f56bfc062723c751e8b465ee728b)
Start importing Assets/Menu/image/RLPlogo2.png using Guid(45061a06d564b5d488b037d5a91d65c7) Importer(815301076,1909f56bfc062723c751e8b465ee728b) [PhysX] Initialized MultithreadedTaskDispatcher with 12 workers.
[PhysX] Initialized MultithreadedTaskDispatcher with 12 workers.
 -> (artifact id: '48c2c24668873f54daa3cf2d1a8e9401') in 0.050337 seconds
Number of updated asset objects reloaded before import = 0
Number of asset objects unloaded after import = 2
========================================================================
Received Import Request.
  Time since last request: 0.000047 seconds.
  path: Assets/Menu/image/text 1.png
  artifactKey: Guid(420d290d49557934d9b31f1d1d278741) Importer(815301076,1909f56bfc062723c751e8b465ee728b)
Start importing Assets/Menu/image/text 1.png using Guid(420d290d49557934d9b31f1d1d278741) Importer(815301076,1909f56bfc062723c751e8b465ee728b) [PhysX] Initialized MultithreadedTaskDispatcher with 12 workers.
[PhysX] Initialized MultithreadedTaskDispatcher with 12 workers.
 -> (artifact id: '718d96c72596c29474f4697759a12592') in 0.066960 seconds
Number of updated asset objects reloaded before import = 0
Number of asset objects unloaded after import = 3
========================================================================
Received Import Request.
  Time since last request: 0.000028 seconds.
  path: Assets/Menu/image/text 6.png
  artifactKey: Guid(74e5f71bca15b3c4fbc058f61bdfd95b) Importer(815301076,1909f56bfc062723c751e8b465ee728b)
Start importing Assets/Menu/image/text 6.png using Guid(74e5f71bca15b3c4fbc058f61bdfd95b) Importer(815301076,1909f56bfc062723c751e8b465ee728b) [PhysX] Initialized MultithreadedTaskDispatcher with 12 workers.
[PhysX] Initialized MultithreadedTaskDispatcher with 12 workers.
 -> (artifact id: '05e72d811bf509694da7849e65eaff35') in 0.088144 seconds
Number of updated asset objects reloaded before import = 0
Number of asset objects unloaded after import = 3
========================================================================
Received Import Request.
  Time since last request: 0.000027 seconds.
  path: Assets/Menu/image/teleop help 1.png
  artifactKey: Guid(77ead299e7b5725489e5f436302d8462) Importer(815301076,1909f56bfc062723c751e8b465ee728b)
Start importing Assets/Menu/image/teleop help 1.png using Guid(77ead299e7b5725489e5f436302d8462) Importer(815301076,1909f56bfc062723c751e8b465ee728b) [PhysX] Initialized MultithreadedTaskDispatcher with 12 workers.
[PhysX] Initialized MultithreadedTaskDispatcher with 12 workers.
 -> (artifact id: '6d4b455feae68b6826c8ba04e88573a8') in 0.067321 seconds
Number of updated asset objects reloaded before import = 0
Number of asset objects unloaded after import = 3
========================================================================
Received Import Request.
  Time since last request: 0.000032 seconds.
  path: Assets/Menu/image/text 8 - en.png
  artifactKey: Guid(981352d07632d93408947526859a17f0) Importer(815301076,1909f56bfc062723c751e8b465ee728b)
Start importing Assets/Menu/image/text 8 - en.png using Guid(981352d07632d93408947526859a17f0) Importer(815301076,1909f56bfc062723c751e8b465ee728b) [PhysX] Initialized MultithreadedTaskDispatcher with 12 workers.
[PhysX] Initialized MultithreadedTaskDispatcher with 12 workers.
 -> (artifact id: 'f5a6fcc9f4993aee64c3afec00348dcd') in 0.064127 seconds
Number of updated asset objects reloaded before import = 0
Number of asset objects unloaded after import = 3
========================================================================
Received Import Request.
  Time since last request: 0.000038 seconds.
  path: Assets/Menu/image/text 7.png
  artifactKey: Guid(995371baa9049a74bacc11511a458dd6) Importer(815301076,1909f56bfc062723c751e8b465ee728b)
Start importing Assets/Menu/image/text 7.png using Guid(995371baa9049a74bacc11511a458dd6) Importer(815301076,1909f56bfc062723c751e8b465ee728b) [PhysX] Initialized MultithreadedTaskDispatcher with 12 workers.
[PhysX] Initialized MultithreadedTaskDispatcher with 12 workers.
 -> (artifact id: '682dd21ee717ed0f56c0706193d04e67') in 0.065709 seconds
Number of updated asset objects reloaded before import = 0
Number of asset objects unloaded after import = 3
========================================================================
Received Import Request.
  Time since last request: 0.000029 seconds.
  path: Assets/Menu/image/text 2 - en.png
  artifactKey: Guid(a52a16bb75b66264aabc77bec6f7d10c) Importer(815301076,1909f56bfc062723c751e8b465ee728b)
Start importing Assets/Menu/image/text 2 - en.png using Guid(a52a16bb75b66264aabc77bec6f7d10c) Importer(815301076,1909f56bfc062723c751e8b465ee728b) [PhysX] Initialized MultithreadedTaskDispatcher with 12 workers.
[PhysX] Initialized MultithreadedTaskDispatcher with 12 workers.
 -> (artifact id: 'bd4f96852741517ec2e33c77a157cc19') in 0.065180 seconds
Number of updated asset objects reloaded before import = 0
Number of asset objects unloaded after import = 3
========================================================================
Received Import Request.
  Time since last request: 0.000030 seconds.
  path: Assets/Menu/image/RLPlogo1.png
  artifactKey: Guid(5126cb52a883db849a8bc46b03629e9d) Importer(815301076,1909f56bfc062723c751e8b465ee728b)
Start importing Assets/Menu/image/RLPlogo1.png using Guid(5126cb52a883db849a8bc46b03629e9d) Importer(815301076,1909f56bfc062723c751e8b465ee728b) [PhysX] Initialized MultithreadedTaskDispatcher with 12 workers.
[PhysX] Initialized MultithreadedTaskDispatcher with 12 workers.
 -> (artifact id: '12ca622ec4e5f7f36240f215e6fae488') in 0.067530 seconds
Number of updated asset objects reloaded before import = 0
Number of asset objects unloaded after import = 3
========================================================================
Received Import Request.
  Time since last request: 40.852391 seconds.
  path: Assets/Menu/image/tinker help.png
  artifactKey: Guid(e8fdd0c778f3b5b4e8507109c798d14d) Importer(815301076,1909f56bfc062723c751e8b465ee728b)
Start importing Assets/Menu/image/tinker help.png using Guid(e8fdd0c778f3b5b4e8507109c798d14d) Importer(815301076,1909f56bfc062723c751e8b465ee728b) [PhysX] Initialized MultithreadedTaskDispatcher with 12 workers.
[PhysX] Initialized MultithreadedTaskDispatcher with 12 workers.
 -> (artifact id: 'b579a9e753271b13e570788932a9f9fb') in 0.030327 seconds
Number of updated asset objects reloaded before import = 0
Number of asset objects unloaded after import = 2
========================================================================
Received Import Request.
  Time since last request: 457.054905 seconds.
  path: Assets/Menu/image/tinker1 help.png
  artifactKey: Guid(5a70b986cc9aab843a496c05c24eae1e) Importer(815301076,1909f56bfc062723c751e8b465ee728b)
Start importing Assets/Menu/image/tinker1 help.png using Guid(5a70b986cc9aab843a496c05c24eae1e) Importer(815301076,1909f56bfc062723c751e8b465ee728b) [PhysX] Initialized MultithreadedTaskDispatcher with 12 workers.
[PhysX] Initialized MultithreadedTaskDispatcher with 12 workers.
 -> (artifact id: 'b9439d06eeeca568c52152c0093c4208') in 0.040444 seconds
Number of updated asset objects reloaded before import = 0
Number of asset objects unloaded after import = 2
========================================================================
Received Import Request.
  Time since last request: 10.706326 seconds.
  path: Assets/IMU
  artifactKey: Guid(769c9859a84d3914889e184daddf41b3) Importer(815301076,1909f56bfc062723c751e8b465ee728b)
Start importing Assets/IMU using Guid(769c9859a84d3914889e184daddf41b3) Importer(815301076,1909f56bfc062723c751e8b465ee728b) [PhysX] Initialized MultithreadedTaskDispatcher with 12 workers.
 -> (artifact id: '8d98e1bca5c8aa85ea57b7400e4eb15e') in 0.001691 seconds
Number of updated asset objects reloaded before import = 0
Number of asset objects unloaded after import = 0
========================================================================
Received Import Request.
  Time since last request: 13.155930 seconds.
  path: Assets/Navigation
  artifactKey: Guid(54f1ec57f4f1f554794825b5df7f0c02) Importer(815301076,1909f56bfc062723c751e8b465ee728b)
Start importing Assets/Navigation using Guid(54f1ec57f4f1f554794825b5df7f0c02) Importer(815301076,1909f56bfc062723c751e8b465ee728b) [PhysX] Initialized MultithreadedTaskDispatcher with 12 workers.
 -> (artifact id: '9df0f0767b1911654cb6ff253bb09d41') in 0.001531 seconds
Number of updated asset objects reloaded before import = 0
Number of asset objects unloaded after import = 0
========================================================================
Received Import Request.
  Time since last request: 54.569727 seconds.
  path: Assets/Menu
  artifactKey: Guid(2db9e191989277d448fedb35bc6dbc46) Importer(815301076,1909f56bfc062723c751e8b465ee728b)
Start importing Assets/Menu using Guid(2db9e191989277d448fedb35bc6dbc46) Importer(815301076,1909f56bfc062723c751e8b465ee728b) [PhysX] Initialized MultithreadedTaskDispatcher with 12 workers.
 -> (artifact id: 'c37a0145372ca9af8b10152d5c3d724f') in 0.000863 seconds
Number of updated asset objects reloaded before import = 0
Number of asset objects unloaded after import = 0
========================================================================
Received Import Request.
  Time since last request: 2.443892 seconds.
  path: Assets/Menu/image
  artifactKey: Guid(4d609fdbb74116d48aeb1507149877e2) Importer(815301076,1909f56bfc062723c751e8b465ee728b)
Start importing Assets/Menu/image using Guid(4d609fdbb74116d48aeb1507149877e2) Importer(815301076,1909f56bfc062723c751e8b465ee728b) [PhysX] Initialized MultithreadedTaskDispatcher with 12 workers.
 -> (artifact id: '0d99d17d11d4c9ae01e0a11892310ae2') in 0.000850 seconds
Number of updated asset objects reloaded before import = 0
Number of asset objects unloaded after import = 0
========================================================================
Received Import Request.
  Time since last request: 0.125866 seconds.
  path: Assets/Menu/image/1.asset
  artifactKey: Guid(1096c19f7e8554448a3ba9a39c90e613) Importer(815301076,1909f56bfc062723c751e8b465ee728b)
Start importing Assets/Menu/image/1.asset using Guid(1096c19f7e8554448a3ba9a39c90e613) Importer(815301076,1909f56bfc062723c751e8b465ee728b) [PhysX] Initialized MultithreadedTaskDispatcher with 12 workers.
 -> (artifact id: '60c994f54a231c52febe5af83caa1785') in 0.013966 seconds
Number of updated asset objects reloaded before import = 0
Number of asset objects unloaded after import = 50
========================================================================
Received Import Request.
  Time since last request: 0.000024 seconds.
  path: Assets/Menu/image/2.asset
  artifactKey: Guid(486f1f94d7914fd49b8f6142a7f4c02e) Importer(815301076,1909f56bfc062723c751e8b465ee728b)
Start importing Assets/Menu/image/2.asset using Guid(486f1f94d7914fd49b8f6142a7f4c02e) Importer(815301076,1909f56bfc062723c751e8b465ee728b) [PhysX] Initialized MultithreadedTaskDispatcher with 12 workers.
 -> (artifact id: 'ac76b6bca361f178ca2f29913ec93904') in 0.015510 seconds
Number of updated asset objects reloaded before import = 0
Number of asset objects unloaded after import = 44
========================================================================
Received Import Request.
  Time since last request: 0.000192 seconds.
  path: Assets/Menu/image/6.asset
  artifactKey: Guid(4186afe7abebadc4db8af872952d95cb) Importer(815301076,1909f56bfc062723c751e8b465ee728b)
Start importing Assets/Menu/image/6.asset using Guid(4186afe7abebadc4db8af872952d95cb) Importer(815301076,1909f56bfc062723c751e8b465ee728b) [PhysX] Initialized MultithreadedTaskDispatcher with 12 workers.
 -> (artifact id: '97d3facd5b7e33d7440055a1908ffdfc') in 0.012714 seconds
Number of updated asset objects reloaded before import = 0
Number of asset objects unloaded after import = 54
========================================================================
Received Import Request.
  Time since last request: 0.000027 seconds.
  path: Assets/Menu/image/5.asset
  artifactKey: Guid(359a505a462f0484da03be3ca55169df) Importer(815301076,1909f56bfc062723c751e8b465ee728b)
Start importing Assets/Menu/image/5.asset using Guid(359a505a462f0484da03be3ca55169df) Importer(815301076,1909f56bfc062723c751e8b465ee728b) [PhysX] Initialized MultithreadedTaskDispatcher with 12 workers.
 -> (artifact id: 'e6201b28f1ba9184f4f5c894c1ac915b') in 0.012259 seconds
Number of updated asset objects reloaded before import = 0
Number of asset objects unloaded after import = 50
========================================================================
Received Import Request.
  Time since last request: 0.000026 seconds.
  path: Assets/Menu/image/3.asset
  artifactKey: Guid(a2815f6f39e56cc47970c8f07a25b60c) Importer(815301076,1909f56bfc062723c751e8b465ee728b)
Start importing Assets/Menu/image/3.asset using Guid(a2815f6f39e56cc47970c8f07a25b60c) Importer(815301076,1909f56bfc062723c751e8b465ee728b) [PhysX] Initialized MultithreadedTaskDispatcher with 12 workers.
 -> (artifact id: '8cbbd15fe5c4030e89ef9504c734e74e') in 0.013803 seconds
Number of updated asset objects reloaded before import = 0
Number of asset objects unloaded after import = 42
========================================================================
Received Import Request.
  Time since last request: 0.000024 seconds.
  path: Assets/Menu/image/gif frame2.png
  artifactKey: Guid(2269d6f015617254593168d95477de20) Importer(815301076,1909f56bfc062723c751e8b465ee728b)
Start importing Assets/Menu/image/gif frame2.png using Guid(2269d6f015617254593168d95477de20) Importer(815301076,1909f56bfc062723c751e8b465ee728b) [PhysX] Initialized MultithreadedTaskDispatcher with 12 workers.
[PhysX] Initialized MultithreadedTaskDispatcher with 12 workers.
 -> (artifact id: 'be00d2722687e152b4ba8ceaa4bbaf75') in 0.054605 seconds
Number of updated asset objects reloaded before import = 0
Number of asset objects unloaded after import = 3
========================================================================
Received Import Request.
  Time since last request: 0.000032 seconds.
  path: Assets/Menu/image/back - all.png
  artifactKey: Guid(57259fc28ade9e341b2832e9c165412f) Importer(815301076,1909f56bfc062723c751e8b465ee728b)
Start importing Assets/Menu/image/back - all.png using Guid(57259fc28ade9e341b2832e9c165412f) Importer(815301076,1909f56bfc062723c751e8b465ee728b) [PhysX] Initialized MultithreadedTaskDispatcher with 12 workers.
[PhysX] Initialized MultithreadedTaskDispatcher with 12 workers.
 -> (artifact id: '692dbf0154ed86e9ab9fa502d5c15560') in 0.047640 seconds
Number of updated asset objects reloaded before import = 0
Number of asset objects unloaded after import = 3
========================================================================
Received Import Request.
  Time since last request: 0.000041 seconds.
  path: Assets/Menu/image/frame3.png
  artifactKey: Guid(c3b11b5091803e946a55d2d2cb867664) Importer(815301076,1909f56bfc062723c751e8b465ee728b)
Start importing Assets/Menu/image/frame3.png using Guid(c3b11b5091803e946a55d2d2cb867664) Importer(815301076,1909f56bfc062723c751e8b465ee728b) [PhysX] Initialized MultithreadedTaskDispatcher with 12 workers.
[PhysX] Initialized MultithreadedTaskDispatcher with 12 workers.
 -> (artifact id: 'ac58eb2933f0be676b99ac8bfc6e6ee0') in 0.030760 seconds
Number of updated asset objects reloaded before import = 0
Number of asset objects unloaded after import = 3
========================================================================
Received Import Request.
  Time since last request: 0.000029 seconds.
  path: Assets/Menu/image/back.png
  artifactKey: Guid(f2f265d5ad1eb014da19652c0cb51b54) Importer(815301076,1909f56bfc062723c751e8b465ee728b)
Start importing Assets/Menu/image/back.png using Guid(f2f265d5ad1eb014da19652c0cb51b54) Importer(815301076,1909f56bfc062723c751e8b465ee728b) [PhysX] Initialized MultithreadedTaskDispatcher with 12 workers.
[PhysX] Initialized MultithreadedTaskDispatcher with 12 workers.
 -> (artifact id: '02e0b00dc320c1c307ca3bb6963d440f') in 0.034646 seconds
Number of updated asset objects reloaded before import = 0
Number of asset objects unloaded after import = 3
========================================================================
Received Import Request.
  Time since last request: 0.000029 seconds.
  path: Assets/Menu/image/6.gif
  artifactKey: Guid(bfb6f733de3de05419fa61754f3f360e) Importer(815301076,1909f56bfc062723c751e8b465ee728b)
Start importing Assets/Menu/image/6.gif using Guid(bfb6f733de3de05419fa61754f3f360e) Importer(815301076,1909f56bfc062723c751e8b465ee728b) [PhysX] Initialized MultithreadedTaskDispatcher with 12 workers.
[PhysX] Initialized MultithreadedTaskDispatcher with 12 workers.
 -> (artifact id: '73209935d364f4f3ac008966ef013d5f') in 0.028661 seconds
Number of updated asset objects reloaded before import = 0
Number of asset objects unloaded after import = 2
========================================================================
Received Import Request.
  Time since last request: 0.000025 seconds.
  path: Assets/Menu/image/back1.png
  artifactKey: Guid(5af46976226fdb7459e7df01f3c4fe58) Importer(815301076,1909f56bfc062723c751e8b465ee728b)
Start importing Assets/Menu/image/back1.png using Guid(5af46976226fdb7459e7df01f3c4fe58) Importer(815301076,1909f56bfc062723c751e8b465ee728b) [PhysX] Initialized MultithreadedTaskDispatcher with 12 workers.
[PhysX] Initialized MultithreadedTaskDispatcher with 12 workers.
 -> (artifact id: '85e137db035710387873a79944e2f6b5') in 0.040108 seconds
Number of updated asset objects reloaded before import = 0
Number of asset objects unloaded after import = 3
========================================================================
Received Import Request.
  Time since last request: 0.000029 seconds.
  path: Assets/Menu/image/2.gif
  artifactKey: Guid(c28c407a4e8f38e4cab0e52f401161c4) Importer(815301076,1909f56bfc062723c751e8b465ee728b)
Start importing Assets/Menu/image/2.gif using Guid(c28c407a4e8f38e4cab0e52f401161c4) Importer(815301076,1909f56bfc062723c751e8b465ee728b) [PhysX] Initialized MultithreadedTaskDispatcher with 12 workers.
[PhysX] Initialized MultithreadedTaskDispatcher with 12 workers.
 -> (artifact id: '5ab70afb906b350c33d57789053f468c') in 0.039050 seconds
Number of updated asset objects reloaded before import = 0
Number of asset objects unloaded after import = 2
========================================================================
Received Import Request.
  Time since last request: 0.000200 seconds.
  path: Assets/Menu/image/4.gif
  artifactKey: Guid(8b1a77c74752f1b4aa4470c8f7e7e5af) Importer(815301076,1909f56bfc062723c751e8b465ee728b)
Start importing Assets/Menu/image/4.gif using Guid(8b1a77c74752f1b4aa4470c8f7e7e5af) Importer(815301076,1909f56bfc062723c751e8b465ee728b) [PhysX] Initialized MultithreadedTaskDispatcher with 12 workers.
[PhysX] Initialized MultithreadedTaskDispatcher with 12 workers.
 -> (artifact id: '6658e09b2041fce69e83e2b0461d285e') in 0.025376 seconds
Number of updated asset objects reloaded before import = 0
Number of asset objects unloaded after import = 2
========================================================================
Received Import Request.
  Time since last request: 0.000030 seconds.
  path: Assets/Menu/image/5.gif
  artifactKey: Guid(def6540cca99c374eaf64f5fdfc2e190) Importer(815301076,1909f56bfc062723c751e8b465ee728b)
Start importing Assets/Menu/image/5.gif using Guid(def6540cca99c374eaf64f5fdfc2e190) Importer(815301076,1909f56bfc062723c751e8b465ee728b) [PhysX] Initialized MultithreadedTaskDispatcher with 12 workers.
[PhysX] Initialized MultithreadedTaskDispatcher with 12 workers.
 -> (artifact id: '50249b648b5b59803b639abb53edfd9b') in 0.024090 seconds
Number of updated asset objects reloaded before import = 0
Number of asset objects unloaded after import = 2
========================================================================
Received Import Request.
  Time since last request: 0.000034 seconds.
  path: Assets/Menu/image/gewu2.png
  artifactKey: Guid(803353d61e321074aaffddd3fec0fe5b) Importer(815301076,1909f56bfc062723c751e8b465ee728b)
Start importing Assets/Menu/image/gewu2.png using Guid(803353d61e321074aaffddd3fec0fe5b) Importer(815301076,1909f56bfc062723c751e8b465ee728b) [PhysX] Initialized MultithreadedTaskDispatcher with 12 workers.
[PhysX] Initialized MultithreadedTaskDispatcher with 12 workers.
 -> (artifact id: 'ea472d1b9567e7982775fdb895f2c8bd') in 0.043897 seconds
Number of updated asset objects reloaded before import = 0
Number of asset objects unloaded after import = 3
========================================================================
Received Import Request.
  Time since last request: 0.000027 seconds.
  path: Assets/Menu/image/3.gif
  artifactKey: Guid(01dbba4ea19b2e04692c94dd9a6d054e) Importer(815301076,1909f56bfc062723c751e8b465ee728b)
Start importing Assets/Menu/image/3.gif using Guid(01dbba4ea19b2e04692c94dd9a6d054e) Importer(815301076,1909f56bfc062723c751e8b465ee728b) [PhysX] Initialized MultithreadedTaskDispatcher with 12 workers.
[PhysX] Initialized MultithreadedTaskDispatcher with 12 workers.
 -> (artifact id: 'c03e50604cca3c135216eb3811d720ce') in 0.041531 seconds
Number of updated asset objects reloaded before import = 0
Number of asset objects unloaded after import = 2
========================================================================
Received Import Request.
  Time since last request: 0.000027 seconds.
  path: Assets/Menu/image/8.gif
  artifactKey: Guid(b28962975cd2fb5448dbf20541b01447) Importer(815301076,1909f56bfc062723c751e8b465ee728b)
Start importing Assets/Menu/image/8.gif using Guid(b28962975cd2fb5448dbf20541b01447) Importer(815301076,1909f56bfc062723c751e8b465ee728b) [PhysX] Initialized MultithreadedTaskDispatcher with 12 workers.
[PhysX] Initialized MultithreadedTaskDispatcher with 12 workers.
 -> (artifact id: '6af4633bfba97f0bc4e02ce0d395be5c') in 0.025348 seconds
Number of updated asset objects reloaded before import = 0
Number of asset objects unloaded after import = 2
========================================================================
Received Import Request.
  Time since last request: 0.000029 seconds.
  path: Assets/Menu/image/frame5.png
  artifactKey: Guid(c0c4417b6dc3491459e782959dafd500) Importer(815301076,1909f56bfc062723c751e8b465ee728b)
Start importing Assets/Menu/image/frame5.png using Guid(c0c4417b6dc3491459e782959dafd500) Importer(815301076,1909f56bfc062723c751e8b465ee728b) [PhysX] Initialized MultithreadedTaskDispatcher with 12 workers.
[PhysX] Initialized MultithreadedTaskDispatcher with 12 workers.
 -> (artifact id: 'b4a2c3006e83e36f193aa8abf7af0a9f') in 0.040922 seconds
Number of updated asset objects reloaded before import = 0
Number of asset objects unloaded after import = 3
========================================================================
Received Import Request.
  Time since last request: 30.365614 seconds.
  path: Assets/Menu/image/tinker2 help.png
  artifactKey: Guid(562ed0b5e3f91e74da6bb565198cc9cb) Importer(815301076,1909f56bfc062723c751e8b465ee728b)
Start importing Assets/Menu/image/tinker2 help.png using Guid(562ed0b5e3f91e74da6bb565198cc9cb) Importer(815301076,1909f56bfc062723c751e8b465ee728b) [PhysX] Initialized MultithreadedTaskDispatcher with 12 workers.
[PhysX] Initialized MultithreadedTaskDispatcher with 12 workers.
 -> (artifact id: '075123ed661d40aee313c4cbabf99646') in 0.030104 seconds
Number of updated asset objects reloaded before import = 0
Number of asset objects unloaded after import = 3
========================================================================
Received Import Request.
  Time since last request: 111.215930 seconds.
  path: Assets/Manipulation/CameraRenderTexture.renderTexture
  artifactKey: Guid(9e0f518bcee06b64f9f3ed2c5b2d2a5b) Importer(815301076,1909f56bfc062723c751e8b465ee728b)
Start importing Assets/Manipulation/CameraRenderTexture.renderTexture using Guid(9e0f518bcee06b64f9f3ed2c5b2d2a5b) Importer(815301076,1909f56bfc062723c751e8b465ee728b) [PhysX] Initialized MultithreadedTaskDispatcher with 12 workers.
[PhysX] Initialized MultithreadedTaskDispatcher with 12 workers.
 -> (artifact id: '0d23f6475b4ab5d57e29350edd6d435c') in 0.039975 seconds
Number of updated asset objects reloaded before import = 0
Number of asset objects unloaded after import = 2
========================================================================
Received Prepare
Caller must complete domain reload
Begin MonoManager ReloadAssembly
Symbol file LoadedFromMemory is not a mono symbol file
- Loaded All Assemblies, in  0.312 seconds
Native extension for LinuxStandalone target not found
Native extension for WindowsStandalone target not found
Native extension for Android target not found
Native extension for WebGL target not found
Mono: successfully reloaded assembly
- Finished resetting the current domain, in  0.450 seconds
Domain Reload Profiling: 762ms
	BeginReloadAssembly (121ms)
		ExecutionOrderSort (0ms)
		DisableScriptedObjects (3ms)
		BackupInstance (0ms)
		ReleaseScriptingObjects (0ms)
		CreateAndSetChildDomain (31ms)
	RebuildCommonClasses (23ms)
	RebuildNativeTypeToScriptingClass (10ms)
	initialDomainReloadingComplete (24ms)
	LoadAllAssembliesAndSetupDomain (134ms)
		LoadAssemblies (182ms)
		RebuildTransferFunctionScriptingTraits (0ms)
		AnalyzeDomain (10ms)
			TypeCache.Refresh (5ms)
				TypeCache.ScanAssembly (0ms)
			ScanForSourceGeneratedMonoScriptInfo (0ms)
			ResolveRequiredComponents (4ms)
	FinalizeReload (451ms)
		ReleaseScriptCaches (0ms)
		RebuildScriptCaches (0ms)
		SetupLoadedEditorAssemblies (272ms)
			LogAssemblyErrors (0ms)
			InitializePlatformSupportModulesInManaged (13ms)
			SetLoadedEditorAssemblies (2ms)
			RefreshPlugins (0ms)
			BeforeProcessingInitializeOnLoad (58ms)
			ProcessInitializeOnLoadAttributes (139ms)
			ProcessInitializeOnLoadMethodAttributes (56ms)
			AfterProcessingInitializeOnLoad (1ms)
			EditorAssembliesLoaded (0ms)
		ExecutionOrderSort2 (0ms)
		AwakeInstancesAfterBackupRestoration (4ms)
Refreshing native plugins compatible for Editor in 59.97 ms, found 7 plugins.
Preloading 0 native plugins for Editor in 0.00 ms.
Unloading 3378 Unused Serialized files (Serialized files now loaded: 0)
Unloading 89 unused Assets / (11.6 MB). Loaded Objects now: 3921.
Memory consumption went from 156.8 MB to 145.2 MB.
Total: 3.470300 ms (FindLiveObjects: 0.188400 ms CreateObjectMapping: 0.072500 ms MarkObjects: 2.116300 ms  DeleteObjects: 1.091300 ms)

Prepare: number of updated asset objects reloaded= 0
AssetImportParameters requested are different than current active one (requested -> active):
  custom:container-demuxer-ogg: 62fdf1f143b41e24485cea50d1cbac27 -> 
  custom:video-codec-MediaFoundation-h265: 746d11721c4dcdbdad8f713fa42b33f4 -> 
  custom:video-decoder-ogg-theora: a1e56fd34408186e4bbccfd4996cb3dc -> 
  custom:framework-win-MediaFoundation: 216162199b28c13a410421893ffa2e32 -> 
  custom:CustomObjectIndexerAttribute: 9a22284fe3817be447336de3de66b15e -> 
  custom:container-demuxer-webm: 4f35f7cbe854078d1ac9338744f61a02 -> 
  custom:container-muxer-webm: aa71ff27fc2769a1b78a27578f13a17b -> 
  custom:video-decoder-webm-vp8: 9c59270c3fd7afecdb556c50c9e8de78 -> 
  custom:SearchIndexIgnoredProperties: e643bd26f0fe6173181afceb89e7c659 -> 
  custom:AudioImporter_EditorPlatform: d09bf68614088b80899f8185d706f6e7 -> 
  custom:video-encoder-webm-vp8: eb34c28f22e8b96e1ab97ce403110664 -> 
  custom:audio-decoder-ogg-vorbis: bf7c407c2cedff20999df2af8eb42d56 -> 
  custom:audio-encoder-webm-vorbis: bf7c407c2cedff20999df2af8eb42d56 -> 
========================================================================
Received Import Request.
  Time since last request: 205.663762 seconds.
  path: Assets/Competition/TinkerPlay1.unity
  artifactKey: Guid(d8415bb4caa330049990180ccca2c31f) Importer(815301076,1909f56bfc062723c751e8b465ee728b)
Start importing Assets/Competition/TinkerPlay1.unity using Guid(d8415bb4caa330049990180ccca2c31f) Importer(815301076,1909f56bfc062723c751e8b465ee728b) [PhysX] Initialized MultithreadedTaskDispatcher with 12 workers.
 -> (artifact id: 'a55673651ac6ce0b14328ee8deb0be30') in 0.009105 seconds
Number of updated asset objects reloaded before import = 0
Number of asset objects unloaded after import = 0
========================================================================
Received Import Request.
  Time since last request: 71.697043 seconds.
  path: Assets/Manipulation/G1OP.unity
  artifactKey: Guid(7ec46dbaf24789ab792327ebcde48b4f) Importer(815301076,1909f56bfc062723c751e8b465ee728b)
Start importing Assets/Manipulation/G1OP.unity using Guid(7ec46dbaf24789ab792327ebcde48b4f) Importer(815301076,1909f56bfc062723c751e8b465ee728b) [PhysX] Initialized MultithreadedTaskDispatcher with 12 workers.
 -> (artifact id: '97e6c89d180ba5a9b936d8c37dab6941') in 0.001085 seconds
Number of updated asset objects reloaded before import = 0
Number of asset objects unloaded after import = 0
========================================================================
Received Import Request.
  Time since last request: 43.220678 seconds.
  path: Assets/Competition/TinkerPlay1.unity
  artifactKey: Guid(d8415bb4caa330049990180ccca2c31f) Importer(815301076,1909f56bfc062723c751e8b465ee728b)
Start importing Assets/Competition/TinkerPlay1.unity using Guid(d8415bb4caa330049990180ccca2c31f) Importer(815301076,1909f56bfc062723c751e8b465ee728b) [PhysX] Initialized MultithreadedTaskDispatcher with 12 workers.
 -> (artifact id: '3025ac1390d8e8790635c8994cf253d5') in 0.000877 seconds
Number of updated asset objects reloaded before import = 0
Number of asset objects unloaded after import = 0
========================================================================
Received Prepare
Caller must complete domain reload
Begin MonoManager ReloadAssembly
Symbol file LoadedFromMemory is not a mono symbol file
- Loaded All Assemblies, in  0.321 seconds
Native extension for LinuxStandalone target not found
Native extension for WindowsStandalone target not found
Native extension for Android target not found
Native extension for WebGL target not found
Mono: successfully reloaded assembly
- Finished resetting the current domain, in  0.445 seconds
Domain Reload Profiling: 766ms
	BeginReloadAssembly (122ms)
		ExecutionOrderSort (0ms)
		DisableScriptedObjects (3ms)
		BackupInstance (0ms)
		ReleaseScriptingObjects (0ms)
		CreateAndSetChildDomain (23ms)
	RebuildCommonClasses (25ms)
	RebuildNativeTypeToScriptingClass (8ms)
	initialDomainReloadingComplete (25ms)
	LoadAllAssembliesAndSetupDomain (141ms)
		LoadAssemblies (199ms)
		RebuildTransferFunctionScriptingTraits (0ms)
		AnalyzeDomain (11ms)
			TypeCache.Refresh (6ms)
				TypeCache.ScanAssembly (0ms)
			ScanForSourceGeneratedMonoScriptInfo (0ms)
			ResolveRequiredComponents (4ms)
	FinalizeReload (446ms)
		ReleaseScriptCaches (0ms)
		RebuildScriptCaches (0ms)
		SetupLoadedEditorAssemblies (268ms)
			LogAssemblyErrors (0ms)
			InitializePlatformSupportModulesInManaged (14ms)
			SetLoadedEditorAssemblies (3ms)
			RefreshPlugins (0ms)
			BeforeProcessingInitializeOnLoad (59ms)
			ProcessInitializeOnLoadAttributes (137ms)
			ProcessInitializeOnLoadMethodAttributes (55ms)
			AfterProcessingInitializeOnLoad (2ms)
			EditorAssembliesLoaded (0ms)
		ExecutionOrderSort2 (0ms)
		AwakeInstancesAfterBackupRestoration (4ms)
Refreshing native plugins compatible for Editor in 61.09 ms, found 7 plugins.
Preloading 0 native plugins for Editor in 0.00 ms.
Unloading 3378 Unused Serialized files (Serialized files now loaded: 0)
Unloading 89 unused Assets / (11.6 MB). Loaded Objects now: 3925.
Memory consumption went from 156.8 MB to 145.2 MB.
Total: 3.260000 ms (FindLiveObjects: 0.160900 ms CreateObjectMapping: 0.062500 ms MarkObjects: 1.978800 ms  DeleteObjects: 1.056700 ms)

Prepare: number of updated asset objects reloaded= 0
AssetImportParameters requested are different than current active one (requested -> active):
  custom:container-demuxer-ogg: 62fdf1f143b41e24485cea50d1cbac27 -> 
  custom:video-codec-MediaFoundation-h265: 746d11721c4dcdbdad8f713fa42b33f4 -> 
  custom:video-decoder-ogg-theora: a1e56fd34408186e4bbccfd4996cb3dc -> 
  custom:framework-win-MediaFoundation: 216162199b28c13a410421893ffa2e32 -> 
  custom:CustomObjectIndexerAttribute: 9a22284fe3817be447336de3de66b15e -> 
  custom:container-demuxer-webm: 4f35f7cbe854078d1ac9338744f61a02 -> 
  custom:container-muxer-webm: aa71ff27fc2769a1b78a27578f13a17b -> 
  custom:video-decoder-webm-vp8: 9c59270c3fd7afecdb556c50c9e8de78 -> 
  custom:SearchIndexIgnoredProperties: e643bd26f0fe6173181afceb89e7c659 -> 
  custom:AudioImporter_EditorPlatform: d09bf68614088b80899f8185d706f6e7 -> 
  custom:video-encoder-webm-vp8: eb34c28f22e8b96e1ab97ce403110664 -> 
  custom:audio-decoder-ogg-vorbis: bf7c407c2cedff20999df2af8eb42d56 -> 
  custom:audio-encoder-webm-vorbis: bf7c407c2cedff20999df2af8eb42d56 -> 
========================================================================
Received Import Request.
  Time since last request: 372.447852 seconds.
  path: Assets/Menu/image/tinker2 help.png
  artifactKey: Guid(562ed0b5e3f91e74da6bb565198cc9cb) Importer(815301076,1909f56bfc062723c751e8b465ee728b)
Start importing Assets/Menu/image/tinker2 help.png using Guid(562ed0b5e3f91e74da6bb565198cc9cb) Importer(815301076,1909f56bfc062723c751e8b465ee728b) [PhysX] Initialized MultithreadedTaskDispatcher with 12 workers.
[PhysX] Initialized MultithreadedTaskDispatcher with 12 workers.
 -> (artifact id: '24de990c6a169d4ca61aef7d73764154') in 0.142321 seconds
Number of updated asset objects reloaded before import = 0
Number of asset objects unloaded after import = 3
========================================================================
Received Prepare
Caller must complete domain reload
Begin MonoManager ReloadAssembly
Symbol file LoadedFromMemory is not a mono symbol file
- Loaded All Assemblies, in  5.261 seconds
Native extension for LinuxStandalone target not found
Native extension for WindowsStandalone target not found
Native extension for Android target not found
Native extension for WebGL target not found
Mono: successfully reloaded assembly
- Finished resetting the current domain, in 23.696 seconds
Domain Reload Profiling: 28955ms
	BeginReloadAssembly (355ms)
		ExecutionOrderSort (0ms)
		DisableScriptedObjects (9ms)
		BackupInstance (0ms)
		ReleaseScriptingObjects (0ms)
		CreateAndSetChildDomain (57ms)
	RebuildCommonClasses (429ms)
	RebuildNativeTypeToScriptingClass (15ms)
	initialDomainReloadingComplete (57ms)
	LoadAllAssembliesAndSetupDomain (4402ms)
		LoadAssemblies (4643ms)
		RebuildTransferFunctionScriptingTraits (0ms)
		AnalyzeDomain (14ms)
			TypeCache.Refresh (8ms)
				TypeCache.ScanAssembly (0ms)
			ScanForSourceGeneratedMonoScriptInfo (0ms)
			ResolveRequiredComponents (5ms)
	FinalizeReload (23697ms)
		ReleaseScriptCaches (0ms)
		RebuildScriptCaches (0ms)
		SetupLoadedEditorAssemblies (448ms)
			LogAssemblyErrors (0ms)
			InitializePlatformSupportModulesInManaged (18ms)
			SetLoadedEditorAssemblies (3ms)
			RefreshPlugins (0ms)
			BeforeProcessingInitializeOnLoad (99ms)
			ProcessInitializeOnLoadAttributes (219ms)
			ProcessInitializeOnLoadMethodAttributes (107ms)
			AfterProcessingInitializeOnLoad (2ms)
			EditorAssembliesLoaded (0ms)
		ExecutionOrderSort2 (0ms)
		AwakeInstancesAfterBackupRestoration (6ms)
